[1/135] Processing: trome#2020-03-13#04_config21_nanonets_phi4.csv
[2/135] Processing: trome#2020-03-13#04_config6_olmocr_phi4.csv
Best F1 so far: 0.12500
[3/135] Processing: trome#2020-03-13#04_config44_rolmocr_phi4.csv
[4/135] Processing: trome#2020-03-13#04_config33_rolmocr_phi4.csv
Best F1 so far: 0.33333
[5/135] Processing: trome#2020-03-13#04_config0_rolmocr_phi4.csv
[6/135] Processing: trome#2020-03-13#04_config15_olmocr_phi4.csv
[7/135] Processing: trome#2020-03-13#04_config31_nanonets_phi4.csv
[8/135] Processing: trome#2020-03-13#04_config3_olmocr_phi4.csv
Best F1 so far: 0.50000
[9/135] Processing: trome#2020-03-13#04_config42_nanonets_phi4.csv
[10/135] Processing: trome#2020-03-13#04_config40_rolmocr_phi4.csv
[11/135] Processing: trome#2020-03-13#04_config38_rolmocr_phi4.csv
[12/135] Processing: trome#2020-03-13#04_config23_rolmocr_phi4.csv
[13/135] Processing: trome#2020-03-13#04_config16_rolmocr_phi4.csv
[14/135] Processing: trome#2020-03-13#04_config42_rolmocr_phi4.csv
[15/135] Processing: trome#2020-03-13#04_config41_rolmocr_phi4.csv
[16/135] Processing: trome#2020-03-13#04_config9_nanonets_phi4.csv
[17/135] Processing: trome#2020-03-13#04_config1_nanonets_phi4.csv
[18/135] Processing: trome#2020-03-13#04_config11_rolmocr_phi4.csv
[19/135] Processing: trome#2020-03-13#04_config24_olmocr_phi4.csv
[20/135] Processing: trome#2020-03-13#04_config30_rolmocr_phi4.csv
[21/135] Processing: trome#2020-03-13#04_config4_olmocr_phi4.csv
Best F1 so far: 0.63636
[22/135] Processing: trome#2020-03-13#04_config39_rolmocr_phi4.csv
[23/135] Processing: trome#2020-03-13#04_config34_rolmocr_phi4.csv
[24/135] Processing: trome#2020-03-13#04_config10_rolmocr_phi4.csv
[25/135] Processing: trome#2020-03-13#04_config8_rolmocr_phi4.csv
[26/135] Processing: trome#2020-03-13#04_config1_olmocr_phi4.csv
[27/135] Processing: trome#2020-03-13#04_config41_olmocr_phi4.csv
[28/135] Processing: trome#2020-03-13#04_config4_rolmocr_phi4.csv
[29/135] Processing: trome#2020-03-13#04_config35_rolmocr_phi4.csv
[30/135] Processing: trome#2020-03-13#04_config35_nanonets_phi4.csv
[31/135] Processing: trome#2020-03-13#04_config34_nanonets_phi4.csv
[32/135] Processing: trome#2020-03-13#04_config26_olmocr_phi4.csv
[33/135] Processing: trome#2020-03-13#04_config37_rolmocr_phi4.csv
[34/135] Processing: trome#2020-03-13#04_config40_olmocr_phi4.csv
[35/135] Processing: trome#2020-03-13#04_config32_rolmocr_phi4.csv
[36/135] Processing: trome#2020-03-13#04_config1_rolmocr_phi4.csv
[37/135] Processing: trome#2020-03-13#04_config32_nanonets_phi4.csv
[38/135] Processing: trome#2020-03-13#04_config15_rolmocr_phi4.csv
[39/135] Processing: trome#2020-03-13#04_config18_rolmocr_phi4.csv
[40/135] Processing: trome#2020-03-13#04_config29_nanonets_phi4.csv
[41/135] Processing: trome#2020-03-13#04_config17_rolmocr_phi4.csv
[42/135] Processing: trome#2020-03-13#04_config2_olmocr_phi4.csv
[43/135] Processing: trome#2020-03-13#04_config3_nanonets_phi4.csv
[44/135] Processing: trome#2020-03-13#04_config20_rolmocr_phi4.csv
[45/135] Processing: trome#2020-03-13#04_config43_rolmocr_phi4.csv
[46/135] Processing: trome#2020-03-13#04_config20_nanonets_phi4.csv
[47/135] Processing: trome#2020-03-13#04_config43_olmocr_phi4.csv
[48/135] Processing: trome#2020-03-13#04_config0_olmocr_phi4.csv
[49/135] Processing: trome#2020-03-13#04_config27_nanonets_phi4.csv
[50/135] Processing: trome#2020-03-13#04_config36_nanonets_phi4.csv
[51/135] Processing: trome#2020-03-13#04_config22_olmocr_phi4.csv
[52/135] Processing: trome#2020-03-13#04_config27_olmocr_phi4.csv
[53/135] Processing: trome#2020-03-13#04_config30_nanonets_phi4.csv
[54/135] Processing: trome#2020-03-13#04_config28_olmocr_phi4.csv
[55/135] Processing: trome#2020-03-13#04_config41_nanonets_phi4.csv
[56/135] Processing: trome#2020-03-13#04_config33_nanonets_phi4.csv
[57/135] Processing: trome#2020-03-13#04_config19_rolmocr_phi4.csv
[58/135] Processing: trome#2020-03-13#04_config19_olmocr_phi4.csv
[59/135] Processing: trome#2020-03-13#04_config24_nanonets_phi4.csv
[60/135] Processing: trome#2020-03-13#04_config35_olmocr_phi4.csv
[61/135] Processing: trome#2020-03-13#04_config7_rolmocr_phi4.csv
[62/135] Processing: trome#2020-03-13#04_config21_rolmocr_phi4.csv
[63/135] Processing: trome#2020-03-13#04_config10_nanonets_phi4.csv
[64/135] Processing: trome#2020-03-13#04_config18_olmocr_phi4.csv
[65/135] Processing: trome#2020-03-13#04_config13_olmocr_phi4.csv
[66/135] Processing: trome#2020-03-13#04_config2_rolmocr_phi4.csv
[67/135] Processing: trome#2020-03-13#04_config25_nanonets_phi4.csv
[68/135] Processing: trome#2020-03-13#04_config2_nanonets_phi4.csv
[69/135] Processing: trome#2020-03-13#04_config25_olmocr_phi4.csv
[70/135] Processing: trome#2020-03-13#04_config7_olmocr_phi4.csv
[71/135] Processing: trome#2020-03-13#04_config20_olmocr_phi4.csv
[72/135] Processing: trome#2020-03-13#04_config34_olmocr_phi4.csv
[73/135] Processing: trome#2020-03-13#04_config23_olmocr_phi4.csv
[74/135] Processing: trome#2020-03-13#04_config28_nanonets_phi4.csv
[75/135] Processing: trome#2020-03-13#04_config5_olmocr_phi4.csv
[76/135] Processing: trome#2020-03-13#04_config12_olmocr_phi4.csv
[77/135] Processing: trome#2020-03-13#04_config37_olmocr_phi4.csv
[78/135] Processing: trome#2020-03-13#04_config16_nanonets_phi4.csv
[79/135] Processing: trome#2020-03-13#04_config44_nanonets_phi4.csv
[80/135] Processing: trome#2020-03-13#04_config9_rolmocr_phi4.csv
[81/135] Processing: trome#2020-03-13#04_config8_nanonets_phi4.csv
[82/135] Processing: trome#2020-03-13#04_config30_olmocr_phi4.csv
[83/135] Processing: trome#2020-03-13#04_config7_nanonets_phi4.csv
[84/135] Processing: trome#2020-03-13#04_config33_olmocr_phi4.csv
[85/135] Processing: trome#2020-03-13#04_config5_nanonets_phi4.csv
[86/135] Processing: trome#2020-03-13#04_config29_olmocr_phi4.csv
[87/135] Processing: trome#2020-03-13#04_config10_olmocr_phi4.csv
[88/135] Processing: trome#2020-03-13#04_config13_rolmocr_phi4.csv
[89/135] Processing: trome#2020-03-13#04_config25_rolmocr_phi4.csv
[90/135] Processing: trome#2020-03-13#04_config39_olmocr_phi4.csv
[91/135] Processing: trome#2020-03-13#04_config29_rolmocr_phi4.csv
[92/135] Processing: trome#2020-03-13#04_config22_rolmocr_phi4.csv
[93/135] Processing: trome#2020-03-13#04_config31_olmocr_phi4.csv
[94/135] Processing: trome#2020-03-13#04_config13_nanonets_phi4.csv
[95/135] Processing: trome#2020-03-13#04_config38_olmocr_phi4.csv
[96/135] Processing: trome#2020-03-13#04_config19_nanonets_phi4.csv
[97/135] Processing: trome#2020-03-13#04_config12_rolmocr_phi4.csv
[98/135] Processing: trome#2020-03-13#04_config14_nanonets_phi4.csv
[99/135] Processing: trome#2020-03-13#04_config6_nanonets_phi4.csv
[100/135] Processing: trome#2020-03-13#04_config16_olmocr_phi4.csv
[101/135] Processing: trome#2020-03-13#04_config36_rolmocr_phi4.csv
[102/135] Processing: trome#2020-03-13#04_config40_nanonets_phi4.csv
[103/135] Processing: trome#2020-03-13#04_config37_nanonets_phi4.csv
[104/135] Processing: trome#2020-03-13#04_config14_rolmocr_phi4.csv
[105/135] Processing: trome#2020-03-13#04_config36_olmocr_phi4.csv
[106/135] Processing: trome#2020-03-13#04_config11_olmocr_phi4.csv
[107/135] Processing: trome#2020-03-13#04_config44_olmocr_phi4.csv
[108/135] Processing: trome#2020-03-13#04_config28_rolmocr_phi4.csv
[109/135] Processing: trome#2020-03-13#04_config27_rolmocr_phi4.csv
[110/135] Processing: trome#2020-03-13#04_config17_nanonets_phi4.csv
[111/135] Processing: trome#2020-03-13#04_config22_nanonets_phi4.csv
[112/135] Processing: trome#2020-03-13#04_config6_rolmocr_phi4.csv
[113/135] Processing: trome#2020-03-13#04_config26_nanonets_phi4.csv
[114/135] Processing: trome#2020-03-13#04_config5_rolmocr_phi4.csv
[115/135] Processing: trome#2020-03-13#04_config15_nanonets_phi4.csv
[116/135] Processing: trome#2020-03-13#04_config26_rolmocr_phi4.csv
[117/135] Processing: trome#2020-03-13#04_config18_nanonets_phi4.csv
[118/135] Processing: trome#2020-03-13#04_config24_rolmocr_phi4.csv
[119/135] Processing: trome#2020-03-13#04_config8_olmocr_phi4.csv
Best F1 so far: 0.69565
[120/135] Processing: trome#2020-03-13#04_config9_olmocr_phi4.csv
[121/135] Processing: trome#2020-03-13#04_config23_nanonets_phi4.csv
[122/135] Processing: trome#2020-03-13#04_config4_nanonets_phi4.csv
[123/135] Processing: trome#2020-03-13#04_config39_nanonets_phi4.csv
[124/135] Processing: trome#2020-03-13#04_config11_nanonets_phi4.csv
[125/135] Processing: trome#2020-03-13#04_config32_olmocr_phi4.csv
[126/135] Processing: trome#2020-03-13#04_config38_nanonets_phi4.csv
[127/135] Processing: trome#2020-03-13#04_config43_nanonets_phi4.csv
[128/135] Processing: trome#2020-03-13#04_config42_olmocr_phi4.csv
[129/135] Processing: trome#2020-03-13#04_config0_nanonets_phi4.csv
[130/135] Processing: trome#2020-03-13#04_config17_olmocr_phi4.csv
[131/135] Processing: trome#2020-03-13#04_config31_rolmocr_phi4.csv
[132/135] Processing: trome#2020-03-13#04_config21_olmocr_phi4.csv
[133/135] Processing: trome#2020-03-13#04_config3_rolmocr_phi4.csv
[134/135] Processing: trome#2020-03-13#04_config14_olmocr_phi4.csv
[135/135] Processing: trome#2020-03-13#04_config12_nanonets_phi4.csv
Traceback (most recent call last):
  File "/data/gec_extractor/src/evaluate/evaluate.py", line 210, in <module>
    main()
  File "/data/gec_extractor/src/evaluate/evaluate.py", line 136, in main
    ocr_log_dict = parse_ocr_log('./results/txt/extracted/ocr_cropped_results_log.txt')
  File "/data/gec_extractor/src/evaluate/utils_evaluate.py", line 27, in parse_ocr_log
    return [{'filename': m.group(1), 'config': m.group(2), 'ocr': m.group(3), 'time_needed': float(m.group(4))} for line in open(file_path, 'r', encoding='utf-8') if (m := re.search(r'File: (.*?) - Config: (.*?) - OCR: (.*?) - Time needed: (.*?) - \[(.*?)\]', line.strip()))]
FileNotFoundError: [Errno 2] No such file or directory: './results/txt/extracted/ocr_cropped_results_log.txt'
