File: trome#2020-03-13#04.jpg - Config 1: Binarization.none, NoiseRemoval.mean_filter - Time needed: 0.008192300796508789s
File: trome#2020-03-13#04.jpg - Config 2: Binarization.none, NoiseRemoval.gaussian_filter - Time needed: 0.018193960189819336s
File: trome#2020-03-13#04.jpg - Config 0: Binarization.none, NoiseRemoval.none - Time needed: 0.007102489471435547s
File: trome#2020-03-13#04.jpg - Config 3: Binarization.none, NoiseRemoval.median_filter - Time needed: 0.010562658309936523s
File: trome#2020-03-13#04.jpg - Config 6: Binarization.none, NoiseRemoval.laplacian_filter - Time needed: 0.01492762565612793s
File: trome#2020-03-13#04.jpg - Config 9: Binarization.basic, NoiseRemoval.none - Time needed: 0.007498264312744141s
File: trome#2020-03-13#04.jpg - Config 10: Binarization.basic, NoiseRemoval.mean_filter - Time needed: 0.010822534561157227s
File: trome#2020-03-13#04.jpg - Config 11: Binarization.basic, NoiseRemoval.gaussian_filter - Time needed: 0.008275270462036133s
File: trome#2020-03-13#04.jpg - Config 12: Binarization.basic, NoiseRemoval.median_filter - Time needed: 0.007766246795654297s
File: trome#2020-03-13#04.jpg - Config 8: Binarization.none, NoiseRemoval.unsharp_filter - Time needed: 0.042534589767456055s
File: trome#2020-03-13#04.jpg - Config 7: Binarization.none, NoiseRemoval.frequency_filter - Time needed: 0.09506559371948242s
File: trome#2020-03-13#04.jpg - Config 15: Binarization.basic, NoiseRemoval.laplacian_filter - Time needed: 0.009029388427734375s
File: trome#2020-03-13#04.jpg - Config 18: Binarization.otsu, NoiseRemoval.none - Time needed: 0.008797407150268555s
File: trome#2020-03-13#04.jpg - Config 19: Binarization.otsu, NoiseRemoval.mean_filter - Time needed: 0.009614229202270508s
File: trome#2020-03-13#04.jpg - Config 17: Binarization.basic, NoiseRemoval.unsharp_filter - Time needed: 0.04010748863220215s
File: trome#2020-03-13#04.jpg - Config 20: Binarization.otsu, NoiseRemoval.gaussian_filter - Time needed: 0.008589982986450195s
File: trome#2020-03-13#04.jpg - Config 21: Binarization.otsu, NoiseRemoval.median_filter - Time needed: 0.009063482284545898s
File: trome#2020-03-13#04.jpg - Config 24: Binarization.otsu, NoiseRemoval.laplacian_filter - Time needed: 0.024136781692504883s
File: trome#2020-03-13#04.jpg - Config 26: Binarization.otsu, NoiseRemoval.unsharp_filter - Time needed: 0.04126381874084473s
File: trome#2020-03-13#04.jpg - Config 16: Binarization.basic, NoiseRemoval.frequency_filter - Time needed: 0.10826277732849121s
File: trome#2020-03-13#04.jpg - Config 27: Binarization.adaptive_mean, NoiseRemoval.none - Time needed: 0.017363548278808594s
File: trome#2020-03-13#04.jpg - Config 28: Binarization.adaptive_mean, NoiseRemoval.mean_filter - Time needed: 0.01742243766784668s
File: trome#2020-03-13#04.jpg - Config 25: Binarization.otsu, NoiseRemoval.frequency_filter - Time needed: 0.08543944358825684s
File: trome#2020-03-13#04.jpg - Config 29: Binarization.adaptive_mean, NoiseRemoval.gaussian_filter - Time needed: 0.01788330078125s
File: trome#2020-03-13#04.jpg - Config 30: Binarization.adaptive_mean, NoiseRemoval.median_filter - Time needed: 0.023542165756225586s
File: trome#2020-03-13#04.jpg - Config 33: Binarization.adaptive_mean, NoiseRemoval.laplacian_filter - Time needed: 0.019958972930908203s
File: trome#2020-03-13#04.jpg - Config 37: Binarization.adaptive_gaussian, NoiseRemoval.mean_filter - Time needed: 0.023830413818359375s
File: trome#2020-03-13#04.jpg - Config 36: Binarization.adaptive_gaussian, NoiseRemoval.none - Time needed: 0.037978172302246094s
File: trome#2020-03-13#04.jpg - Config 38: Binarization.adaptive_gaussian, NoiseRemoval.gaussian_filter - Time needed: 0.022708415985107422s
File: trome#2020-03-13#04.jpg - Config 35: Binarization.adaptive_mean, NoiseRemoval.unsharp_filter - Time needed: 0.06440520286560059s
File: trome#2020-03-13#04.jpg - Config 34: Binarization.adaptive_mean, NoiseRemoval.frequency_filter - Time needed: 0.09333324432373047s
File: trome#2020-03-13#04.jpg - Config 39: Binarization.adaptive_gaussian, NoiseRemoval.median_filter - Time needed: 0.027936220169067383s
File: trome#2020-03-13#04.jpg - Config 42: Binarization.adaptive_gaussian, NoiseRemoval.laplacian_filter - Time needed: 0.03533625602722168s
File: trome#2020-03-13#04.jpg - Config 44: Binarization.adaptive_gaussian, NoiseRemoval.unsharp_filter - Time needed: 0.05588960647583008s
File: trome#2020-03-13#04.jpg - Config 43: Binarization.adaptive_gaussian, NoiseRemoval.frequency_filter - Time needed: 0.10435199737548828s
File: trome#2020-03-13#04.jpg - Config 4: Binarization.none, NoiseRemoval.conservative_filter - Time needed: 13.881698846817017s
File: trome#2020-03-13#04.jpg - Config 22: Binarization.otsu, NoiseRemoval.conservative_filter - Time needed: 13.83637547492981s
File: trome#2020-03-13#04.jpg - Config 31: Binarization.adaptive_mean, NoiseRemoval.conservative_filter - Time needed: 13.813148498535156s
File: trome#2020-03-13#04.jpg - Config 13: Binarization.basic, NoiseRemoval.conservative_filter - Time needed: 14.139925003051758s
File: trome#2020-03-13#04.jpg - Config 40: Binarization.adaptive_gaussian, NoiseRemoval.conservative_filter - Time needed: 13.880948305130005s
File: trome#2020-03-13#04.jpg - Config 23: Binarization.otsu, NoiseRemoval.crimmins_speckle_removal - Time needed: 77.02789807319641s
File: trome#2020-03-13#04.jpg - Config 32: Binarization.adaptive_mean, NoiseRemoval.crimmins_speckle_removal - Time needed: 77.20576071739197s
File: trome#2020-03-13#04.jpg - Config 41: Binarization.adaptive_gaussian, NoiseRemoval.crimmins_speckle_removal - Time needed: 78.46904611587524s
File: trome#2020-03-13#04.jpg - Config 14: Binarization.basic, NoiseRemoval.crimmins_speckle_removal - Time needed: 103.42413306236267s
File: trome#2020-03-13#04.jpg - Config 5: Binarization.none, NoiseRemoval.crimmins_speckle_removal - Time needed: 104.41584944725037s
