[1/45] Processing: trome#2020-03-13#04_config6_olmocr_phi4.csv
Best F1 so far: 0.12500
[2/45] Processing: trome#2020-03-13#04_config15_olmocr_phi4.csv
[3/45] Processing: trome#2020-03-13#04_config3_olmocr_phi4.csv
[4/45] Processing: trome#2020-03-13#04_config24_olmocr_phi4.csv
Best F1 so far: 0.23529
[5/45] Processing: trome#2020-03-13#04_config4_olmocr_phi4.csv
[6/45] Processing: trome#2020-03-13#04_config1_olmocr_phi4.csv
[7/45] Processing: trome#2020-03-13#04_config41_olmocr_phi4.csv
[8/45] Processing: trome#2020-03-13#04_config26_olmocr_phi4.csv
[9/45] Processing: trome#2020-03-13#04_config40_olmocr_phi4.csv
[10/45] Processing: trome#2020-03-13#04_config2_olmocr_phi4.csv
[11/45] Processing: trome#2020-03-13#04_config43_olmocr_phi4.csv
[12/45] Processing: trome#2020-03-13#04_config0_olmocr_phi4.csv
[13/45] Processing: trome#2020-03-13#04_config22_olmocr_phi4.csv
[14/45] Processing: trome#2020-03-13#04_config27_olmocr_phi4.csv
[15/45] Processing: trome#2020-03-13#04_config28_olmocr_phi4.csv
[16/45] Processing: trome#2020-03-13#04_config19_olmocr_phi4.csv
[17/45] Processing: trome#2020-03-13#04_config35_olmocr_phi4.csv
[18/45] Processing: trome#2020-03-13#04_config18_olmocr_phi4.csv
[19/45] Processing: trome#2020-03-13#04_config13_olmocr_phi4.csv
[20/45] Processing: trome#2020-03-13#04_config25_olmocr_phi4.csv
[21/45] Processing: trome#2020-03-13#04_config7_olmocr_phi4.csv
[22/45] Processing: trome#2020-03-13#04_config20_olmocr_phi4.csv
[23/45] Processing: trome#2020-03-13#04_config34_olmocr_phi4.csv
[24/45] Processing: trome#2020-03-13#04_config23_olmocr_phi4.csv
Best F1 so far: 0.63636
[25/45] Processing: trome#2020-03-13#04_config5_olmocr_phi4.csv
[26/45] Processing: trome#2020-03-13#04_config12_olmocr_phi4.csv
[27/45] Processing: trome#2020-03-13#04_config37_olmocr_phi4.csv
[28/45] Processing: trome#2020-03-13#04_config30_olmocr_phi4.csv
[29/45] Processing: trome#2020-03-13#04_config33_olmocr_phi4.csv
[30/45] Processing: trome#2020-03-13#04_config29_olmocr_phi4.csv
[31/45] Processing: trome#2020-03-13#04_config10_olmocr_phi4.csv
[32/45] Processing: trome#2020-03-13#04_config39_olmocr_phi4.csv
[33/45] Processing: trome#2020-03-13#04_config31_olmocr_phi4.csv
[34/45] Processing: trome#2020-03-13#04_config38_olmocr_phi4.csv
[35/45] Processing: trome#2020-03-13#04_config16_olmocr_phi4.csv
[36/45] Processing: trome#2020-03-13#04_config36_olmocr_phi4.csv
[37/45] Processing: trome#2020-03-13#04_config11_olmocr_phi4.csv
[38/45] Processing: trome#2020-03-13#04_config44_olmocr_phi4.csv
[39/45] Processing: trome#2020-03-13#04_config8_olmocr_phi4.csv
[40/45] Processing: trome#2020-03-13#04_config9_olmocr_phi4.csv
[41/45] Processing: trome#2020-03-13#04_config32_olmocr_phi4.csv
[42/45] Processing: trome#2020-03-13#04_config42_olmocr_phi4.csv
[43/45] Processing: trome#2020-03-13#04_config17_olmocr_phi4.csv
[44/45] Processing: trome#2020-03-13#04_config21_olmocr_phi4.csv
[45/45] Processing: trome#2020-03-13#04_config14_olmocr_phi4.csv
Traceback (most recent call last):
  File "/data/gec_extractor/src/evaluate/evaluate.py", line 210, in <module>
    main()
  File "/data/gec_extractor/src/evaluate/evaluate.py", line 136, in main
    ocr_log_dict = parse_ocr_log('./results/txt/extracted/ocr_cropped_results_log.txt')
  File "/data/gec_extractor/src/evaluate/utils_evaluate.py", line 27, in parse_ocr_log
    return [{'filename': m.group(1), 'config': m.group(2), 'ocr': m.group(3), 'time_needed': float(m.group(4))} for line in open(file_path, 'r', encoding='utf-8') if (m := re.search(r'File: (.*?) - Config: (.*?) - OCR: (.*?) - Time needed: (.*?) - \[(.*?)\]', line.strip()))]
FileNotFoundError: [Errno 2] No such file or directory: './results/txt/extracted/ocr_cropped_results_log.txt'
