[1/1200] Processing: trome#2021-03-02#02_config158_KerasOCR_phi4.csv
[2/1200] Processing: trome#2021-03-02#02_config121_docTR_phi4.csv
[3/1200] Processing: trome#2021-03-02#02_config14_TesseractOCR_phi4.csv
[4/1200] Processing: trome#2021-03-02#02_config219_PaddleOCR_phi4.csv
[5/1200] Processing: trome#2021-03-02#02_config76_TesseractOCR_phi4.csv
[6/1200] Processing: trome#2021-03-02#02_config228_EasyOCR_phi4.csv
Best F1 so far: 0.09091
[7/1200] Processing: trome#2021-03-02#02_config84_EasyOCR_phi4.csv
[8/1200] Processing: trome#2021-03-02#02_config86_TesseractOCR_phi4.csv
[9/1200] Processing: trome#2021-03-02#02_config81_docTR_phi4.csv
[10/1200] Processing: trome#2021-03-02#02_config58_EasyOCR_phi4.csv
[11/1200] Processing: trome#2021-03-02#02_config200_TesseractOCR_phi4.csv
[12/1200] Processing: trome#2021-03-02#02_config232_PaddleOCR_phi4.csv
[13/1200] Processing: trome#2021-03-02#02_config5_EasyOCR_phi4.csv
[14/1200] Processing: trome#2021-03-02#02_config186_docTR_phi4.csv
[15/1200] Processing: trome#2021-03-02#02_config130_EasyOCR_phi4.csv
[16/1200] Processing: trome#2021-03-02#02_config93_KerasOCR_phi4.csv
[17/1200] Processing: trome#2021-03-02#02_config160_KerasOCR_phi4.csv
[18/1200] Processing: trome#2021-03-02#02_config183_TesseractOCR_phi4.csv
[19/1200] Processing: trome#2021-03-02#02_config105_EasyOCR_phi4.csv
[20/1200] Processing: trome#2021-03-02#02_config203_KerasOCR_phi4.csv
[21/1200] Processing: trome#2021-03-02#02_config55_PaddleOCR_phi4.csv
[22/1200] Processing: trome#2021-03-02#02_config164_TesseractOCR_phi4.csv
[23/1200] Processing: trome#2021-03-02#02_config149_docTR_phi4.csv
[24/1200] Processing: trome#2021-03-02#02_config201_EasyOCR_phi4.csv
[25/1200] Processing: trome#2021-03-02#02_config236_EasyOCR_phi4.csv
[26/1200] Processing: trome#2021-03-02#02_config70_docTR_phi4.csv
[27/1200] Processing: trome#2021-03-02#02_config76_docTR_phi4.csv
[28/1200] Processing: trome#2021-03-02#02_config120_KerasOCR_phi4.csv
[29/1200] Processing: trome#2021-03-02#02_config146_docTR_phi4.csv
[30/1200] Processing: trome#2021-03-02#02_config108_docTR_phi4.csv
[31/1200] Processing: trome#2021-03-02#02_config136_TesseractOCR_phi4.csv
[32/1200] Processing: trome#2021-03-02#02_config33_EasyOCR_phi4.csv
[33/1200] Processing: trome#2021-03-02#02_config227_EasyOCR_phi4.csv
[34/1200] Processing: trome#2021-03-02#02_config57_EasyOCR_phi4.csv
[35/1200] Processing: trome#2021-03-02#02_config35_EasyOCR_phi4.csv
[36/1200] Processing: trome#2021-03-02#02_config133_TesseractOCR_phi4.csv
[37/1200] Processing: trome#2021-03-02#02_config72_EasyOCR_phi4.csv
[38/1200] Processing: trome#2021-03-02#02_config179_PaddleOCR_phi4.csv
[39/1200] Processing: trome#2021-03-02#02_config39_KerasOCR_phi4.csv
[40/1200] Processing: trome#2021-03-02#02_config169_EasyOCR_phi4.csv
[41/1200] Processing: trome#2021-03-02#02_config127_TesseractOCR_phi4.csv
Best F1 so far: 0.25000
[42/1200] Processing: trome#2021-03-02#02_config71_TesseractOCR_phi4.csv
[43/1200] Processing: trome#2021-03-02#02_config16_EasyOCR_phi4.csv
[44/1200] Processing: trome#2021-03-02#02_config20_PaddleOCR_phi4.csv
[45/1200] Processing: trome#2021-03-02#02_config79_TesseractOCR_phi4.csv
[46/1200] Processing: trome#2021-03-02#02_config193_EasyOCR_phi4.csv
[47/1200] Processing: trome#2021-03-02#02_config1_PaddleOCR_phi4.csv
[48/1200] Processing: trome#2021-03-02#02_config196_docTR_phi4.csv
[49/1200] Processing: trome#2021-03-02#02_config186_EasyOCR_phi4.csv
[50/1200] Processing: trome#2021-03-02#02_config71_docTR_phi4.csv
[51/1200] Processing: trome#2021-03-02#02_config195_docTR_phi4.csv
[52/1200] Processing: trome#2021-03-02#02_config150_PaddleOCR_phi4.csv
[53/1200] Processing: trome#2021-03-02#02_config42_PaddleOCR_phi4.csv
[54/1200] Processing: trome#2021-03-02#02_config116_docTR_phi4.csv
[55/1200] Processing: trome#2021-03-02#02_config50_docTR_phi4.csv
[56/1200] Processing: trome#2021-03-02#02_config117_docTR_phi4.csv
[57/1200] Processing: trome#2021-03-02#02_config100_KerasOCR_phi4.csv
[58/1200] Processing: trome#2021-03-02#02_config125_EasyOCR_phi4.csv
[59/1200] Processing: trome#2021-03-02#02_config100_TesseractOCR_phi4.csv
[60/1200] Processing: trome#2021-03-02#02_config143_PaddleOCR_phi4.csv
[61/1200] Processing: trome#2021-03-02#02_config198_KerasOCR_phi4.csv
[62/1200] Processing: trome#2021-03-02#02_config157_PaddleOCR_phi4.csv
[63/1200] Processing: trome#2021-03-02#02_config26_PaddleOCR_phi4.csv
[64/1200] Processing: trome#2021-03-02#02_config34_docTR_phi4.csv
[65/1200] Processing: trome#2021-03-02#02_config51_KerasOCR_phi4.csv
[66/1200] Processing: trome#2021-03-02#02_config142_docTR_phi4.csv
[67/1200] Processing: trome#2021-03-02#02_config188_PaddleOCR_phi4.csv
[68/1200] Processing: trome#2021-03-02#02_config213_TesseractOCR_phi4.csv
[69/1200] Processing: trome#2021-03-02#02_config83_KerasOCR_phi4.csv
[70/1200] Processing: trome#2021-03-02#02_config207_TesseractOCR_phi4.csv
[71/1200] Processing: trome#2021-03-02#02_config170_docTR_phi4.csv
[72/1200] Processing: trome#2021-03-02#02_config157_EasyOCR_phi4.csv
[73/1200] Processing: trome#2021-03-02#02_config41_KerasOCR_phi4.csv
[74/1200] Processing: trome#2021-03-02#02_config61_EasyOCR_phi4.csv
[75/1200] Processing: trome#2021-03-02#02_config81_KerasOCR_phi4.csv
[76/1200] Processing: trome#2021-03-02#02_config190_PaddleOCR_phi4.csv
[77/1200] Processing: trome#2021-03-02#02_config0_KerasOCR_phi4.csv
[78/1200] Processing: trome#2021-03-02#02_config99_EasyOCR_phi4.csv
[79/1200] Processing: trome#2021-03-02#02_config168_PaddleOCR_phi4.csv
[80/1200] Processing: trome#2021-03-02#02_config23_TesseractOCR_phi4.csv
[81/1200] Processing: trome#2021-03-02#02_config238_docTR_phi4.csv
[82/1200] Processing: trome#2021-03-02#02_config192_EasyOCR_phi4.csv
[83/1200] Processing: trome#2021-03-02#02_config6_TesseractOCR_phi4.csv
[84/1200] Processing: trome#2021-03-02#02_config238_TesseractOCR_phi4.csv
[85/1200] Processing: trome#2021-03-02#02_config42_KerasOCR_phi4.csv
[86/1200] Processing: trome#2021-03-02#02_config192_PaddleOCR_phi4.csv
[87/1200] Processing: trome#2021-03-02#02_config125_KerasOCR_phi4.csv
[88/1200] Processing: trome#2021-03-02#02_config217_EasyOCR_phi4.csv
[89/1200] Processing: trome#2021-03-02#02_config86_docTR_phi4.csv
[90/1200] Processing: trome#2021-03-02#02_config88_docTR_phi4.csv
[91/1200] Processing: trome#2021-03-02#02_config56_docTR_phi4.csv
[92/1200] Processing: trome#2021-03-02#02_config80_KerasOCR_phi4.csv
[93/1200] Processing: trome#2021-03-02#02_config84_PaddleOCR_phi4.csv
[94/1200] Processing: trome#2021-03-02#02_config94_docTR_phi4.csv
[95/1200] Processing: trome#2021-03-02#02_config80_docTR_phi4.csv
[96/1200] Processing: trome#2021-03-02#02_config153_KerasOCR_phi4.csv
[97/1200] Processing: trome#2021-03-02#02_config64_KerasOCR_phi4.csv
[98/1200] Processing: trome#2021-03-02#02_config77_EasyOCR_phi4.csv
[99/1200] Processing: trome#2021-03-02#02_config143_docTR_phi4.csv
[100/1200] Processing: trome#2021-03-02#02_config161_EasyOCR_phi4.csv
[101/1200] Processing: trome#2021-03-02#02_config169_docTR_phi4.csv
[102/1200] Processing: trome#2021-03-02#02_config229_docTR_phi4.csv
[103/1200] Processing: trome#2021-03-02#02_config34_KerasOCR_phi4.csv
[104/1200] Processing: trome#2021-03-02#02_config57_PaddleOCR_phi4.csv
[105/1200] Processing: trome#2021-03-02#02_config102_PaddleOCR_phi4.csv
[106/1200] Processing: trome#2021-03-02#02_config75_docTR_phi4.csv
[107/1200] Processing: trome#2021-03-02#02_config198_docTR_phi4.csv
[108/1200] Processing: trome#2021-03-02#02_config22_EasyOCR_phi4.csv
[109/1200] Processing: trome#2021-03-02#02_config172_PaddleOCR_phi4.csv
[110/1200] Processing: trome#2021-03-02#02_config107_docTR_phi4.csv
[111/1200] Processing: trome#2021-03-02#02_config9_PaddleOCR_phi4.csv
[112/1200] Processing: trome#2021-03-02#02_config224_KerasOCR_phi4.csv
[113/1200] Processing: trome#2021-03-02#02_config76_EasyOCR_phi4.csv
[114/1200] Processing: trome#2021-03-02#02_config81_EasyOCR_phi4.csv
[115/1200] Processing: trome#2021-03-02#02_config146_PaddleOCR_phi4.csv
[116/1200] Processing: trome#2021-03-02#02_config204_EasyOCR_phi4.csv
[117/1200] Processing: trome#2021-03-02#02_config143_TesseractOCR_phi4.csv
[118/1200] Processing: trome#2021-03-02#02_config87_PaddleOCR_phi4.csv
[119/1200] Processing: trome#2021-03-02#02_config150_KerasOCR_phi4.csv
[120/1200] Processing: trome#2021-03-02#02_config182_PaddleOCR_phi4.csv
[121/1200] Processing: trome#2021-03-02#02_config41_TesseractOCR_phi4.csv
[122/1200] Processing: trome#2021-03-02#02_config132_EasyOCR_phi4.csv
[123/1200] Processing: trome#2021-03-02#02_config104_KerasOCR_phi4.csv
[124/1200] Processing: trome#2021-03-02#02_config202_PaddleOCR_phi4.csv
[125/1200] Processing: trome#2021-03-02#02_config111_TesseractOCR_phi4.csv
[126/1200] Processing: trome#2021-03-02#02_config163_EasyOCR_phi4.csv
[127/1200] Processing: trome#2021-03-02#02_config172_KerasOCR_phi4.csv
[128/1200] Processing: trome#2021-03-02#02_config91_EasyOCR_phi4.csv
[129/1200] Processing: trome#2021-03-02#02_config126_KerasOCR_phi4.csv
[130/1200] Processing: trome#2021-03-02#02_config89_docTR_phi4.csv
[131/1200] Processing: trome#2021-03-02#02_config208_EasyOCR_phi4.csv
[132/1200] Processing: trome#2021-03-02#02_config214_EasyOCR_phi4.csv
[133/1200] Processing: trome#2021-03-02#02_config144_KerasOCR_phi4.csv
[134/1200] Processing: trome#2021-03-02#02_config114_PaddleOCR_phi4.csv
[135/1200] Processing: trome#2021-03-02#02_config172_TesseractOCR_phi4.csv
[136/1200] Processing: trome#2021-03-02#02_config209_KerasOCR_phi4.csv
[137/1200] Processing: trome#2021-03-02#02_config140_KerasOCR_phi4.csv
[138/1200] Processing: trome#2021-03-02#02_config47_PaddleOCR_phi4.csv
[139/1200] Processing: trome#2021-03-02#02_config121_PaddleOCR_phi4.csv
[140/1200] Processing: trome#2021-03-02#02_config9_TesseractOCR_phi4.csv
[141/1200] Processing: trome#2021-03-02#02_config225_TesseractOCR_phi4.csv
[142/1200] Processing: trome#2021-03-02#02_config168_EasyOCR_phi4.csv
[143/1200] Processing: trome#2021-03-02#02_config6_KerasOCR_phi4.csv
[144/1200] Processing: trome#2021-03-02#02_config92_KerasOCR_phi4.csv
[145/1200] Processing: trome#2021-03-02#02_config199_TesseractOCR_phi4.csv
[146/1200] Processing: trome#2021-03-02#02_config104_TesseractOCR_phi4.csv
[147/1200] Processing: trome#2021-03-02#02_config71_KerasOCR_phi4.csv
[148/1200] Processing: trome#2021-03-02#02_config120_docTR_phi4.csv
[149/1200] Processing: trome#2021-03-02#02_config15_KerasOCR_phi4.csv
[150/1200] Processing: trome#2021-03-02#02_config70_TesseractOCR_phi4.csv
[151/1200] Processing: trome#2021-03-02#02_config117_PaddleOCR_phi4.csv
[152/1200] Processing: trome#2021-03-02#02_config124_KerasOCR_phi4.csv
[153/1200] Processing: trome#2021-03-02#02_config92_EasyOCR_phi4.csv
[154/1200] Processing: trome#2021-03-02#02_config223_docTR_phi4.csv
[155/1200] Processing: trome#2021-03-02#02_config199_PaddleOCR_phi4.csv
[156/1200] Processing: trome#2021-03-02#02_config171_PaddleOCR_phi4.csv
[157/1200] Processing: trome#2021-03-02#02_config44_PaddleOCR_phi4.csv
[158/1200] Processing: trome#2021-03-02#02_config83_docTR_phi4.csv
[159/1200] Processing: trome#2021-03-02#02_config185_EasyOCR_phi4.csv
[160/1200] Processing: trome#2021-03-02#02_config183_PaddleOCR_phi4.csv
[161/1200] Processing: trome#2021-03-02#02_config121_KerasOCR_phi4.csv
[162/1200] Processing: trome#2021-03-02#02_config148_KerasOCR_phi4.csv
[163/1200] Processing: trome#2021-03-02#02_config77_KerasOCR_phi4.csv
[164/1200] Processing: trome#2021-03-02#02_config18_PaddleOCR_phi4.csv
[165/1200] Processing: trome#2021-03-02#02_config14_docTR_phi4.csv
[166/1200] Processing: trome#2021-03-02#02_config113_PaddleOCR_phi4.csv
[167/1200] Processing: trome#2021-03-02#02_config237_PaddleOCR_phi4.csv
[168/1200] Processing: trome#2021-03-02#02_config146_TesseractOCR_phi4.csv
[169/1200] Processing: trome#2021-03-02#02_config144_docTR_phi4.csv
[170/1200] Processing: trome#2021-03-02#02_config166_KerasOCR_phi4.csv
[171/1200] Processing: trome#2021-03-02#02_config2_KerasOCR_phi4.csv
[172/1200] Processing: trome#2021-03-02#02_config221_docTR_phi4.csv
[173/1200] Processing: trome#2021-03-02#02_config134_PaddleOCR_phi4.csv
[174/1200] Processing: trome#2021-03-02#02_config111_KerasOCR_phi4.csv
[175/1200] Processing: trome#2021-03-02#02_config56_TesseractOCR_phi4.csv
[176/1200] Processing: trome#2021-03-02#02_config207_KerasOCR_phi4.csv
[177/1200] Processing: trome#2021-03-02#02_config25_docTR_phi4.csv
[178/1200] Processing: trome#2021-03-02#02_config216_EasyOCR_phi4.csv
[179/1200] Processing: trome#2021-03-02#02_config181_PaddleOCR_phi4.csv
[180/1200] Processing: trome#2021-03-02#02_config118_TesseractOCR_phi4.csv
[181/1200] Processing: trome#2021-03-02#02_config66_EasyOCR_phi4.csv
[182/1200] Processing: trome#2021-03-02#02_config28_KerasOCR_phi4.csv
[183/1200] Processing: trome#2021-03-02#02_config110_KerasOCR_phi4.csv
[184/1200] Processing: trome#2021-03-02#02_config153_PaddleOCR_phi4.csv
[185/1200] Processing: trome#2021-03-02#02_config226_KerasOCR_phi4.csv
[186/1200] Processing: trome#2021-03-02#02_config54_docTR_phi4.csv
[187/1200] Processing: trome#2021-03-02#02_config15_EasyOCR_phi4.csv
[188/1200] Processing: trome#2021-03-02#02_config138_PaddleOCR_phi4.csv
[189/1200] Processing: trome#2021-03-02#02_config107_PaddleOCR_phi4.csv
[190/1200] Processing: trome#2021-03-02#02_config233_docTR_phi4.csv
[191/1200] Processing: trome#2021-03-02#02_config43_TesseractOCR_phi4.csv
[192/1200] Processing: trome#2021-03-02#02_config233_EasyOCR_phi4.csv
[193/1200] Processing: trome#2021-03-02#02_config154_PaddleOCR_phi4.csv
[194/1200] Processing: trome#2021-03-02#02_config4_PaddleOCR_phi4.csv
[195/1200] Processing: trome#2021-03-02#02_config98_docTR_phi4.csv
[196/1200] Processing: trome#2021-03-02#02_config163_KerasOCR_phi4.csv
[197/1200] Processing: trome#2021-03-02#02_config97_KerasOCR_phi4.csv
[198/1200] Processing: trome#2021-03-02#02_config3_docTR_phi4.csv
[199/1200] Processing: trome#2021-03-02#02_config23_EasyOCR_phi4.csv
[200/1200] Processing: trome#2021-03-02#02_config18_KerasOCR_phi4.csv
[201/1200] Processing: trome#2021-03-02#02_config22_KerasOCR_phi4.csv
[202/1200] Processing: trome#2021-03-02#02_config142_TesseractOCR_phi4.csv
[203/1200] Processing: trome#2021-03-02#02_config104_PaddleOCR_phi4.csv
[204/1200] Processing: trome#2021-03-02#02_config236_PaddleOCR_phi4.csv
[205/1200] Processing: trome#2021-03-02#02_config70_EasyOCR_phi4.csv
[206/1200] Processing: trome#2021-03-02#02_config13_TesseractOCR_phi4.csv
[207/1200] Processing: trome#2021-03-02#02_config129_KerasOCR_phi4.csv
[208/1200] Processing: trome#2021-03-02#02_config80_TesseractOCR_phi4.csv
[209/1200] Processing: trome#2021-03-02#02_config222_TesseractOCR_phi4.csv
[210/1200] Processing: trome#2021-03-02#02_config106_docTR_phi4.csv
[211/1200] Processing: trome#2021-03-02#02_config14_EasyOCR_phi4.csv
[212/1200] Processing: trome#2021-03-02#02_config51_PaddleOCR_phi4.csv
[213/1200] Processing: trome#2021-03-02#02_config72_TesseractOCR_phi4.csv
[214/1200] Processing: trome#2021-03-02#02_config145_TesseractOCR_phi4.csv
[215/1200] Processing: trome#2021-03-02#02_config62_KerasOCR_phi4.csv
[216/1200] Processing: trome#2021-03-02#02_config30_KerasOCR_phi4.csv
[217/1200] Processing: trome#2021-03-02#02_config239_TesseractOCR_phi4.csv
[218/1200] Processing: trome#2021-03-02#02_config60_PaddleOCR_phi4.csv
[219/1200] Processing: trome#2021-03-02#02_config21_PaddleOCR_phi4.csv
[220/1200] Processing: trome#2021-03-02#02_config137_TesseractOCR_phi4.csv
[221/1200] Processing: trome#2021-03-02#02_config58_TesseractOCR_phi4.csv
[222/1200] Processing: trome#2021-03-02#02_config84_docTR_phi4.csv
[223/1200] Processing: trome#2021-03-02#02_config52_PaddleOCR_phi4.csv
[224/1200] Processing: trome#2021-03-02#02_config154_EasyOCR_phi4.csv
[225/1200] Processing: trome#2021-03-02#02_config218_docTR_phi4.csv
[226/1200] Processing: trome#2021-03-02#02_config205_TesseractOCR_phi4.csv
[227/1200] Processing: trome#2021-03-02#02_config98_PaddleOCR_phi4.csv
[228/1200] Processing: trome#2021-03-02#02_config220_TesseractOCR_phi4.csv
[229/1200] Processing: trome#2021-03-02#02_config79_PaddleOCR_phi4.csv
[230/1200] Processing: trome#2021-03-02#02_config151_docTR_phi4.csv
[231/1200] Processing: trome#2021-03-02#02_config169_PaddleOCR_phi4.csv
[232/1200] Processing: trome#2021-03-02#02_config13_EasyOCR_phi4.csv
[233/1200] Processing: trome#2021-03-02#02_config181_docTR_phi4.csv
[234/1200] Processing: trome#2021-03-02#02_config225_docTR_phi4.csv
[235/1200] Processing: trome#2021-03-02#02_config66_docTR_phi4.csv
[236/1200] Processing: trome#2021-03-02#02_config91_docTR_phi4.csv
[237/1200] Processing: trome#2021-03-02#02_config115_docTR_phi4.csv
[238/1200] Processing: trome#2021-03-02#02_config136_PaddleOCR_phi4.csv
[239/1200] Processing: trome#2021-03-02#02_config159_docTR_phi4.csv
[240/1200] Processing: trome#2021-03-02#02_config50_KerasOCR_phi4.csv
[241/1200] Processing: trome#2021-03-02#02_config105_KerasOCR_phi4.csv
[242/1200] Processing: trome#2021-03-02#02_config231_KerasOCR_phi4.csv
[243/1200] Processing: trome#2021-03-02#02_config98_TesseractOCR_phi4.csv
[244/1200] Processing: trome#2021-03-02#02_config144_PaddleOCR_phi4.csv
[245/1200] Processing: trome#2021-03-02#02_config58_docTR_phi4.csv
[246/1200] Processing: trome#2021-03-02#02_config213_EasyOCR_phi4.csv
[247/1200] Processing: trome#2021-03-02#02_config107_TesseractOCR_phi4.csv
[248/1200] Processing: trome#2021-03-02#02_config97_TesseractOCR_phi4.csv
[249/1200] Processing: trome#2021-03-02#02_config60_EasyOCR_phi4.csv
[250/1200] Processing: trome#2021-03-02#02_config107_EasyOCR_phi4.csv
[251/1200] Processing: trome#2021-03-02#02_config115_PaddleOCR_phi4.csv
[252/1200] Processing: trome#2021-03-02#02_config173_KerasOCR_phi4.csv
[253/1200] Processing: trome#2021-03-02#02_config56_PaddleOCR_phi4.csv
[254/1200] Processing: trome#2021-03-02#02_config52_KerasOCR_phi4.csv
[255/1200] Processing: trome#2021-03-02#02_config61_PaddleOCR_phi4.csv
[256/1200] Processing: trome#2021-03-02#02_config93_EasyOCR_phi4.csv
[257/1200] Processing: trome#2021-03-02#02_config155_PaddleOCR_phi4.csv
[258/1200] Processing: trome#2021-03-02#02_config129_PaddleOCR_phi4.csv
[259/1200] Processing: trome#2021-03-02#02_config50_TesseractOCR_phi4.csv
[260/1200] Processing: trome#2021-03-02#02_config134_KerasOCR_phi4.csv
[261/1200] Processing: trome#2021-03-02#02_config96_EasyOCR_phi4.csv
[262/1200] Processing: trome#2021-03-02#02_config75_PaddleOCR_phi4.csv
[263/1200] Processing: trome#2021-03-02#02_config10_EasyOCR_phi4.csv
[264/1200] Processing: trome#2021-03-02#02_config113_KerasOCR_phi4.csv
[265/1200] Processing: trome#2021-03-02#02_config101_TesseractOCR_phi4.csv
[266/1200] Processing: trome#2021-03-02#02_config230_KerasOCR_phi4.csv
[267/1200] Processing: trome#2021-03-02#02_config73_docTR_phi4.csv
[268/1200] Processing: trome#2021-03-02#02_config29_PaddleOCR_phi4.csv
[269/1200] Processing: trome#2021-03-02#02_config168_TesseractOCR_phi4.csv
[270/1200] Processing: trome#2021-03-02#02_config50_EasyOCR_phi4.csv
[271/1200] Processing: trome#2021-03-02#02_config106_PaddleOCR_phi4.csv
[272/1200] Processing: trome#2021-03-02#02_config152_PaddleOCR_phi4.csv
[273/1200] Processing: trome#2021-03-02#02_config237_TesseractOCR_phi4.csv
[274/1200] Processing: trome#2021-03-02#02_config128_PaddleOCR_phi4.csv
[275/1200] Processing: trome#2021-03-02#02_config40_PaddleOCR_phi4.csv
[276/1200] Processing: trome#2021-03-02#02_config87_TesseractOCR_phi4.csv
[277/1200] Processing: trome#2021-03-02#02_config110_EasyOCR_phi4.csv
[278/1200] Processing: trome#2021-03-02#02_config55_EasyOCR_phi4.csv
[279/1200] Processing: trome#2021-03-02#02_config79_docTR_phi4.csv
[280/1200] Processing: trome#2021-03-02#02_config235_EasyOCR_phi4.csv
[281/1200] Processing: trome#2021-03-02#02_config57_docTR_phi4.csv
[282/1200] Processing: trome#2021-03-02#02_config201_KerasOCR_phi4.csv
[283/1200] Processing: trome#2021-03-02#02_config145_KerasOCR_phi4.csv
[284/1200] Processing: trome#2021-03-02#02_config135_EasyOCR_phi4.csv
[285/1200] Processing: trome#2021-03-02#02_config100_docTR_phi4.csv
[286/1200] Processing: trome#2021-03-02#02_config8_PaddleOCR_phi4.csv
[287/1200] Processing: trome#2021-03-02#02_config157_KerasOCR_phi4.csv
[288/1200] Processing: trome#2021-03-02#02_config34_TesseractOCR_phi4.csv
[289/1200] Processing: trome#2021-03-02#02_config147_TesseractOCR_phi4.csv
[290/1200] Processing: trome#2021-03-02#02_config2_TesseractOCR_phi4.csv
[291/1200] Processing: trome#2021-03-02#02_config137_PaddleOCR_phi4.csv
[292/1200] Processing: trome#2021-03-02#02_config78_TesseractOCR_phi4.csv
[293/1200] Processing: trome#2021-03-02#02_config64_docTR_phi4.csv
[294/1200] Processing: trome#2021-03-02#02_config183_EasyOCR_phi4.csv
[295/1200] Processing: trome#2021-03-02#02_config230_docTR_phi4.csv
[296/1200] Processing: trome#2021-03-02#02_config17_PaddleOCR_phi4.csv
[297/1200] Processing: trome#2021-03-02#02_config74_PaddleOCR_phi4.csv
[298/1200] Processing: trome#2021-03-02#02_config179_TesseractOCR_phi4.csv
[299/1200] Processing: trome#2021-03-02#02_config112_docTR_phi4.csv
[300/1200] Processing: trome#2021-03-02#02_config201_docTR_phi4.csv
[301/1200] Processing: trome#2021-03-02#02_config36_KerasOCR_phi4.csv
[302/1200] Processing: trome#2021-03-02#02_config208_PaddleOCR_phi4.csv
[303/1200] Processing: trome#2021-03-02#02_config170_PaddleOCR_phi4.csv
[304/1200] Processing: trome#2021-03-02#02_config119_PaddleOCR_phi4.csv
[305/1200] Processing: trome#2021-03-02#02_config79_KerasOCR_phi4.csv
[306/1200] Processing: trome#2021-03-02#02_config134_docTR_phi4.csv
[307/1200] Processing: trome#2021-03-02#02_config39_EasyOCR_phi4.csv
[308/1200] Processing: trome#2021-03-02#02_config30_EasyOCR_phi4.csv
[309/1200] Processing: trome#2021-03-02#02_config29_KerasOCR_phi4.csv
[310/1200] Processing: trome#2021-03-02#02_config219_EasyOCR_phi4.csv
[311/1200] Processing: trome#2021-03-02#02_config219_TesseractOCR_phi4.csv
[312/1200] Processing: trome#2021-03-02#02_config69_PaddleOCR_phi4.csv
[313/1200] Processing: trome#2021-03-02#02_config89_EasyOCR_phi4.csv
[314/1200] Processing: trome#2021-03-02#02_config103_EasyOCR_phi4.csv
[315/1200] Processing: trome#2021-03-02#02_config94_PaddleOCR_phi4.csv
[316/1200] Processing: trome#2021-03-02#02_config182_EasyOCR_phi4.csv
[317/1200] Processing: trome#2021-03-02#02_config3_EasyOCR_phi4.csv
[318/1200] Processing: trome#2021-03-02#02_config19_KerasOCR_phi4.csv
[319/1200] Processing: trome#2021-03-02#02_config1_TesseractOCR_phi4.csv
[320/1200] Processing: trome#2021-03-02#02_config173_TesseractOCR_phi4.csv
[321/1200] Processing: trome#2021-03-02#02_config35_KerasOCR_phi4.csv
[322/1200] Processing: trome#2021-03-02#02_config97_docTR_phi4.csv
[323/1200] Processing: trome#2021-03-02#02_config5_TesseractOCR_phi4.csv
[324/1200] Processing: trome#2021-03-02#02_config146_EasyOCR_phi4.csv
[325/1200] Processing: trome#2021-03-02#02_config24_KerasOCR_phi4.csv
[326/1200] Processing: trome#2021-03-02#02_config28_docTR_phi4.csv
[327/1200] Processing: trome#2021-03-02#02_config212_EasyOCR_phi4.csv
[328/1200] Processing: trome#2021-03-02#02_config92_PaddleOCR_phi4.csv
[329/1200] Processing: trome#2021-03-02#02_config54_TesseractOCR_phi4.csv
[330/1200] Processing: trome#2021-03-02#02_config163_TesseractOCR_phi4.csv
[331/1200] Processing: trome#2021-03-02#02_config141_EasyOCR_phi4.csv
[332/1200] Processing: trome#2021-03-02#02_config207_PaddleOCR_phi4.csv
[333/1200] Processing: trome#2021-03-02#02_config205_docTR_phi4.csv
[334/1200] Processing: trome#2021-03-02#02_config94_TesseractOCR_phi4.csv
[335/1200] Processing: trome#2021-03-02#02_config102_KerasOCR_phi4.csv
[336/1200] Processing: trome#2021-03-02#02_config152_docTR_phi4.csv
[337/1200] Processing: trome#2021-03-02#02_config193_KerasOCR_phi4.csv
[338/1200] Processing: trome#2021-03-02#02_config172_EasyOCR_phi4.csv
[339/1200] Processing: trome#2021-03-02#02_config73_PaddleOCR_phi4.csv
[340/1200] Processing: trome#2021-03-02#02_config232_docTR_phi4.csv
[341/1200] Processing: trome#2021-03-02#02_config226_EasyOCR_phi4.csv
[342/1200] Processing: trome#2021-03-02#02_config103_TesseractOCR_phi4.csv
[343/1200] Processing: trome#2021-03-02#02_config22_TesseractOCR_phi4.csv
[344/1200] Processing: trome#2021-03-02#02_config108_TesseractOCR_phi4.csv
[345/1200] Processing: trome#2021-03-02#02_config200_PaddleOCR_phi4.csv
[346/1200] Processing: trome#2021-03-02#02_config124_EasyOCR_phi4.csv
[347/1200] Processing: trome#2021-03-02#02_config39_docTR_phi4.csv
[348/1200] Processing: trome#2021-03-02#02_config235_docTR_phi4.csv
[349/1200] Processing: trome#2021-03-02#02_config186_KerasOCR_phi4.csv
[350/1200] Processing: trome#2021-03-02#02_config233_KerasOCR_phi4.csv
[351/1200] Processing: trome#2021-03-02#02_config165_EasyOCR_phi4.csv
[352/1200] Processing: trome#2021-03-02#02_config24_PaddleOCR_phi4.csv
[353/1200] Processing: trome#2021-03-02#02_config188_TesseractOCR_phi4.csv
[354/1200] Processing: trome#2021-03-02#02_config109_TesseractOCR_phi4.csv
[355/1200] Processing: trome#2021-03-02#02_config197_docTR_phi4.csv
[356/1200] Processing: trome#2021-03-02#02_config81_PaddleOCR_phi4.csv
[357/1200] Processing: trome#2021-03-02#02_config196_EasyOCR_phi4.csv
[358/1200] Processing: trome#2021-03-02#02_config51_EasyOCR_phi4.csv
[359/1200] Processing: trome#2021-03-02#02_config162_PaddleOCR_phi4.csv
[360/1200] Processing: trome#2021-03-02#02_config118_docTR_phi4.csv
[361/1200] Processing: trome#2021-03-02#02_config239_EasyOCR_phi4.csv
[362/1200] Processing: trome#2021-03-02#02_config4_KerasOCR_phi4.csv
[363/1200] Processing: trome#2021-03-02#02_config48_EasyOCR_phi4.csv
[364/1200] Processing: trome#2021-03-02#02_config89_KerasOCR_phi4.csv
[365/1200] Processing: trome#2021-03-02#02_config172_docTR_phi4.csv
[366/1200] Processing: trome#2021-03-02#02_config135_docTR_phi4.csv
[367/1200] Processing: trome#2021-03-02#02_config23_KerasOCR_phi4.csv
[368/1200] Processing: trome#2021-03-02#02_config157_TesseractOCR_phi4.csv
[369/1200] Processing: trome#2021-03-02#02_config72_docTR_phi4.csv
[370/1200] Processing: trome#2021-03-02#02_config75_EasyOCR_phi4.csv
[371/1200] Processing: trome#2021-03-02#02_config87_docTR_phi4.csv
[372/1200] Processing: trome#2021-03-02#02_config27_docTR_phi4.csv
[373/1200] Processing: trome#2021-03-02#02_config96_TesseractOCR_phi4.csv
[374/1200] Processing: trome#2021-03-02#02_config126_EasyOCR_phi4.csv
[375/1200] Processing: trome#2021-03-02#02_config42_EasyOCR_phi4.csv
[376/1200] Processing: trome#2021-03-02#02_config196_KerasOCR_phi4.csv
[377/1200] Processing: trome#2021-03-02#02_config55_KerasOCR_phi4.csv
[378/1200] Processing: trome#2021-03-02#02_config220_EasyOCR_phi4.csv
[379/1200] Processing: trome#2021-03-02#02_config49_TesseractOCR_phi4.csv
[380/1200] Processing: trome#2021-03-02#02_config178_docTR_phi4.csv
[381/1200] Processing: trome#2021-03-02#02_config30_PaddleOCR_phi4.csv
[382/1200] Processing: trome#2021-03-02#02_config112_KerasOCR_phi4.csv
[383/1200] Processing: trome#2021-03-02#02_config114_KerasOCR_phi4.csv
[384/1200] Processing: trome#2021-03-02#02_config109_EasyOCR_phi4.csv
[385/1200] Processing: trome#2021-03-02#02_config141_KerasOCR_phi4.csv
[386/1200] Processing: trome#2021-03-02#02_config231_docTR_phi4.csv
[387/1200] Processing: trome#2021-03-02#02_config225_PaddleOCR_phi4.csv
[388/1200] Processing: trome#2021-03-02#02_config49_EasyOCR_phi4.csv
[389/1200] Processing: trome#2021-03-02#02_config177_TesseractOCR_phi4.csv
[390/1200] Processing: trome#2021-03-02#02_config123_docTR_phi4.csv
[391/1200] Processing: trome#2021-03-02#02_config167_EasyOCR_phi4.csv
[392/1200] Processing: trome#2021-03-02#02_config213_PaddleOCR_phi4.csv
[393/1200] Processing: trome#2021-03-02#02_config11_TesseractOCR_phi4.csv
[394/1200] Processing: trome#2021-03-02#02_config178_PaddleOCR_phi4.csv
[395/1200] Processing: trome#2021-03-02#02_config181_KerasOCR_phi4.csv
[396/1200] Processing: trome#2021-03-02#02_config96_KerasOCR_phi4.csv
[397/1200] Processing: trome#2021-03-02#02_config125_TesseractOCR_phi4.csv
[398/1200] Processing: trome#2021-03-02#02_config95_PaddleOCR_phi4.csv
[399/1200] Processing: trome#2021-03-02#02_config192_KerasOCR_phi4.csv
[400/1200] Processing: trome#2021-03-02#02_config157_docTR_phi4.csv
[401/1200] Processing: trome#2021-03-02#02_config45_PaddleOCR_phi4.csv
[402/1200] Processing: trome#2021-03-02#02_config206_TesseractOCR_phi4.csv
[403/1200] Processing: trome#2021-03-02#02_config70_PaddleOCR_phi4.csv
[404/1200] Processing: trome#2021-03-02#02_config116_EasyOCR_phi4.csv
[405/1200] Processing: trome#2021-03-02#02_config59_docTR_phi4.csv
[406/1200] Processing: trome#2021-03-02#02_config141_TesseractOCR_phi4.csv
[407/1200] Processing: trome#2021-03-02#02_config69_TesseractOCR_phi4.csv
[408/1200] Processing: trome#2021-03-02#02_config156_KerasOCR_phi4.csv
[409/1200] Processing: trome#2021-03-02#02_config167_docTR_phi4.csv
[410/1200] Processing: trome#2021-03-02#02_config16_TesseractOCR_phi4.csv
[411/1200] Processing: trome#2021-03-02#02_config170_TesseractOCR_phi4.csv
[412/1200] Processing: trome#2021-03-02#02_config152_TesseractOCR_phi4.csv
[413/1200] Processing: trome#2021-03-02#02_config215_KerasOCR_phi4.csv
[414/1200] Processing: trome#2021-03-02#02_config98_KerasOCR_phi4.csv
[415/1200] Processing: trome#2021-03-02#02_config82_TesseractOCR_phi4.csv
[416/1200] Processing: trome#2021-03-02#02_config206_EasyOCR_phi4.csv
[417/1200] Processing: trome#2021-03-02#02_config102_TesseractOCR_phi4.csv
[418/1200] Processing: trome#2021-03-02#02_config115_EasyOCR_phi4.csv
[419/1200] Processing: trome#2021-03-02#02_config212_docTR_phi4.csv
[420/1200] Processing: trome#2021-03-02#02_config112_TesseractOCR_phi4.csv
[421/1200] Processing: trome#2021-03-02#02_config95_EasyOCR_phi4.csv
[422/1200] Processing: trome#2021-03-02#02_config5_docTR_phi4.csv
[423/1200] Processing: trome#2021-03-02#02_config64_EasyOCR_phi4.csv
[424/1200] Processing: trome#2021-03-02#02_config128_TesseractOCR_phi4.csv
[425/1200] Processing: trome#2021-03-02#02_config27_PaddleOCR_phi4.csv
[426/1200] Processing: trome#2021-03-02#02_config202_KerasOCR_phi4.csv
[427/1200] Processing: trome#2021-03-02#02_config110_docTR_phi4.csv
[428/1200] Processing: trome#2021-03-02#02_config10_docTR_phi4.csv
[429/1200] Processing: trome#2021-03-02#02_config62_EasyOCR_phi4.csv
[430/1200] Processing: trome#2021-03-02#02_config215_TesseractOCR_phi4.csv
[431/1200] Processing: trome#2021-03-02#02_config185_PaddleOCR_phi4.csv
[432/1200] Processing: trome#2021-03-02#02_config49_KerasOCR_phi4.csv
[433/1200] Processing: trome#2021-03-02#02_config31_PaddleOCR_phi4.csv
[434/1200] Processing: trome#2021-03-02#02_config26_TesseractOCR_phi4.csv
[435/1200] Processing: trome#2021-03-02#02_config46_KerasOCR_phi4.csv
[436/1200] Processing: trome#2021-03-02#02_config138_EasyOCR_phi4.csv
[437/1200] Processing: trome#2021-03-02#02_config231_EasyOCR_phi4.csv
[438/1200] Processing: trome#2021-03-02#02_config167_PaddleOCR_phi4.csv
[439/1200] Processing: trome#2021-03-02#02_config11_EasyOCR_phi4.csv
[440/1200] Processing: trome#2021-03-02#02_config196_TesseractOCR_phi4.csv
[441/1200] Processing: trome#2021-03-02#02_config194_EasyOCR_phi4.csv
[442/1200] Processing: trome#2021-03-02#02_config221_KerasOCR_phi4.csv
[443/1200] Processing: trome#2021-03-02#02_config92_docTR_phi4.csv
[444/1200] Processing: trome#2021-03-02#02_config3_PaddleOCR_phi4.csv
[445/1200] Processing: trome#2021-03-02#02_config51_docTR_phi4.csv
[446/1200] Processing: trome#2021-03-02#02_config193_TesseractOCR_phi4.csv
[447/1200] Processing: trome#2021-03-02#02_config89_PaddleOCR_phi4.csv
[448/1200] Processing: trome#2021-03-02#02_config159_TesseractOCR_phi4.csv
[449/1200] Processing: trome#2021-03-02#02_config238_EasyOCR_phi4.csv
[450/1200] Processing: trome#2021-03-02#02_config93_TesseractOCR_phi4.csv
[451/1200] Processing: trome#2021-03-02#02_config170_EasyOCR_phi4.csv
[452/1200] Processing: trome#2021-03-02#02_config32_docTR_phi4.csv
[453/1200] Processing: trome#2021-03-02#02_config200_EasyOCR_phi4.csv
[454/1200] Processing: trome#2021-03-02#02_config1_KerasOCR_phi4.csv
[455/1200] Processing: trome#2021-03-02#02_config224_TesseractOCR_phi4.csv
[456/1200] Processing: trome#2021-03-02#02_config119_TesseractOCR_phi4.csv
[457/1200] Processing: trome#2021-03-02#02_config17_TesseractOCR_phi4.csv
[458/1200] Processing: trome#2021-03-02#02_config11_PaddleOCR_phi4.csv
[459/1200] Processing: trome#2021-03-02#02_config102_docTR_phi4.csv
[460/1200] Processing: trome#2021-03-02#02_config101_docTR_phi4.csv
[461/1200] Processing: trome#2021-03-02#02_config197_TesseractOCR_phi4.csv
[462/1200] Processing: trome#2021-03-02#02_config41_docTR_phi4.csv
[463/1200] Processing: trome#2021-03-02#02_config161_docTR_phi4.csv
[464/1200] Processing: trome#2021-03-02#02_config136_KerasOCR_phi4.csv
[465/1200] Processing: trome#2021-03-02#02_config98_EasyOCR_phi4.csv
[466/1200] Processing: trome#2021-03-02#02_config86_EasyOCR_phi4.csv
[467/1200] Processing: trome#2021-03-02#02_config237_KerasOCR_phi4.csv
[468/1200] Processing: trome#2021-03-02#02_config95_KerasOCR_phi4.csv
[469/1200] Processing: trome#2021-03-02#02_config217_docTR_phi4.csv
[470/1200] Processing: trome#2021-03-02#02_config154_TesseractOCR_phi4.csv
[471/1200] Processing: trome#2021-03-02#02_config182_docTR_phi4.csv
[472/1200] Processing: trome#2021-03-02#02_config187_TesseractOCR_phi4.csv
[473/1200] Processing: trome#2021-03-02#02_config22_PaddleOCR_phi4.csv
[474/1200] Processing: trome#2021-03-02#02_config110_TesseractOCR_phi4.csv
[475/1200] Processing: trome#2021-03-02#02_config111_EasyOCR_phi4.csv
[476/1200] Processing: trome#2021-03-02#02_config136_docTR_phi4.csv
[477/1200] Processing: trome#2021-03-02#02_config4_TesseractOCR_phi4.csv
[478/1200] Processing: trome#2021-03-02#02_config125_PaddleOCR_phi4.csv
[479/1200] Processing: trome#2021-03-02#02_config201_PaddleOCR_phi4.csv
[480/1200] Processing: trome#2021-03-02#02_config11_docTR_phi4.csv
[481/1200] Processing: trome#2021-03-02#02_config191_TesseractOCR_phi4.csv
[482/1200] Processing: trome#2021-03-02#02_config163_PaddleOCR_phi4.csv
[483/1200] Processing: trome#2021-03-02#02_config85_docTR_phi4.csv
[484/1200] Processing: trome#2021-03-02#02_config218_PaddleOCR_phi4.csv
[485/1200] Processing: trome#2021-03-02#02_config151_TesseractOCR_phi4.csv
[486/1200] Processing: trome#2021-03-02#02_config33_PaddleOCR_phi4.csv
[487/1200] Processing: trome#2021-03-02#02_config21_TesseractOCR_phi4.csv
[488/1200] Processing: trome#2021-03-02#02_config62_PaddleOCR_phi4.csv
[489/1200] Processing: trome#2021-03-02#02_config19_docTR_phi4.csv
[490/1200] Processing: trome#2021-03-02#02_config229_TesseractOCR_phi4.csv
[491/1200] Processing: trome#2021-03-02#02_config38_TesseractOCR_phi4.csv
[492/1200] Processing: trome#2021-03-02#02_config148_TesseractOCR_phi4.csv
[493/1200] Processing: trome#2021-03-02#02_config217_TesseractOCR_phi4.csv
[494/1200] Processing: trome#2021-03-02#02_config69_KerasOCR_phi4.csv
[495/1200] Processing: trome#2021-03-02#02_config222_docTR_phi4.csv
[496/1200] Processing: trome#2021-03-02#02_config236_TesseractOCR_phi4.csv
[497/1200] Processing: trome#2021-03-02#02_config19_PaddleOCR_phi4.csv
[498/1200] Processing: trome#2021-03-02#02_config207_EasyOCR_phi4.csv
[499/1200] Processing: trome#2021-03-02#02_config85_KerasOCR_phi4.csv
[500/1200] Processing: trome#2021-03-02#02_config161_PaddleOCR_phi4.csv
[501/1200] Processing: trome#2021-03-02#02_config52_TesseractOCR_phi4.csv
[502/1200] Processing: trome#2021-03-02#02_config43_PaddleOCR_phi4.csv
[503/1200] Processing: trome#2021-03-02#02_config87_KerasOCR_phi4.csv
[504/1200] Processing: trome#2021-03-02#02_config94_KerasOCR_phi4.csv
[505/1200] Processing: trome#2021-03-02#02_config175_PaddleOCR_phi4.csv
[506/1200] Processing: trome#2021-03-02#02_config129_EasyOCR_phi4.csv
[507/1200] Processing: trome#2021-03-02#02_config94_EasyOCR_phi4.csv
[508/1200] Processing: trome#2021-03-02#02_config61_KerasOCR_phi4.csv
[509/1200] Processing: trome#2021-03-02#02_config123_TesseractOCR_phi4.csv
[510/1200] Processing: trome#2021-03-02#02_config101_PaddleOCR_phi4.csv
[511/1200] Processing: trome#2021-03-02#02_config20_KerasOCR_phi4.csv
[512/1200] Processing: trome#2021-03-02#02_config147_PaddleOCR_phi4.csv
[513/1200] Processing: trome#2021-03-02#02_config46_PaddleOCR_phi4.csv
[514/1200] Processing: trome#2021-03-02#02_config68_PaddleOCR_phi4.csv
[515/1200] Processing: trome#2021-03-02#02_config45_EasyOCR_phi4.csv
[516/1200] Processing: trome#2021-03-02#02_config15_docTR_phi4.csv
[517/1200] Processing: trome#2021-03-02#02_config90_EasyOCR_phi4.csv
[518/1200] Processing: trome#2021-03-02#02_config47_KerasOCR_phi4.csv
[519/1200] Processing: trome#2021-03-02#02_config139_EasyOCR_phi4.csv
[520/1200] Processing: trome#2021-03-02#02_config194_KerasOCR_phi4.csv
[521/1200] Processing: trome#2021-03-02#02_config211_KerasOCR_phi4.csv
[522/1200] Processing: trome#2021-03-02#02_config115_TesseractOCR_phi4.csv
[523/1200] Processing: trome#2021-03-02#02_config173_PaddleOCR_phi4.csv
[524/1200] Processing: trome#2021-03-02#02_config11_KerasOCR_phi4.csv
[525/1200] Processing: trome#2021-03-02#02_config85_PaddleOCR_phi4.csv
[526/1200] Processing: trome#2021-03-02#02_config212_KerasOCR_phi4.csv
[527/1200] Processing: trome#2021-03-02#02_config63_EasyOCR_phi4.csv
[528/1200] Processing: trome#2021-03-02#02_config46_docTR_phi4.csv
[529/1200] Processing: trome#2021-03-02#02_config209_PaddleOCR_phi4.csv
[530/1200] Processing: trome#2021-03-02#02_config54_PaddleOCR_phi4.csv
[531/1200] Processing: trome#2021-03-02#02_config181_TesseractOCR_phi4.csv
[532/1200] Processing: trome#2021-03-02#02_config5_KerasOCR_phi4.csv
[533/1200] Processing: trome#2021-03-02#02_config79_EasyOCR_phi4.csv
[534/1200] Processing: trome#2021-03-02#02_config227_PaddleOCR_phi4.csv
[535/1200] Processing: trome#2021-03-02#02_config204_docTR_phi4.csv
[536/1200] Processing: trome#2021-03-02#02_config8_KerasOCR_phi4.csv
[537/1200] Processing: trome#2021-03-02#02_config179_EasyOCR_phi4.csv
[538/1200] Processing: trome#2021-03-02#02_config153_TesseractOCR_phi4.csv
[539/1200] Processing: trome#2021-03-02#02_config148_PaddleOCR_phi4.csv
[540/1200] Processing: trome#2021-03-02#02_config81_TesseractOCR_phi4.csv
[541/1200] Processing: trome#2021-03-02#02_config118_KerasOCR_phi4.csv
[542/1200] Processing: trome#2021-03-02#02_config197_EasyOCR_phi4.csv
[543/1200] Processing: trome#2021-03-02#02_config188_EasyOCR_phi4.csv
[544/1200] Processing: trome#2021-03-02#02_config47_TesseractOCR_phi4.csv
[545/1200] Processing: trome#2021-03-02#02_config163_docTR_phi4.csv
[546/1200] Processing: trome#2021-03-02#02_config216_PaddleOCR_phi4.csv
[547/1200] Processing: trome#2021-03-02#02_config16_PaddleOCR_phi4.csv
[548/1200] Processing: trome#2021-03-02#02_config120_PaddleOCR_phi4.csv
[549/1200] Processing: trome#2021-03-02#02_config42_TesseractOCR_phi4.csv
[550/1200] Processing: trome#2021-03-02#02_config119_EasyOCR_phi4.csv
[551/1200] Processing: trome#2021-03-02#02_config178_TesseractOCR_phi4.csv
[552/1200] Processing: trome#2021-03-02#02_config17_EasyOCR_phi4.csv
[553/1200] Processing: trome#2021-03-02#02_config7_EasyOCR_phi4.csv
[554/1200] Processing: trome#2021-03-02#02_config222_EasyOCR_phi4.csv
[555/1200] Processing: trome#2021-03-02#02_config91_TesseractOCR_phi4.csv
[556/1200] Processing: trome#2021-03-02#02_config237_docTR_phi4.csv
[557/1200] Processing: trome#2021-03-02#02_config66_KerasOCR_phi4.csv
[558/1200] Processing: trome#2021-03-02#02_config140_EasyOCR_phi4.csv
[559/1200] Processing: trome#2021-03-02#02_config40_TesseractOCR_phi4.csv
[560/1200] Processing: trome#2021-03-02#02_config127_docTR_phi4.csv
[561/1200] Processing: trome#2021-03-02#02_config73_TesseractOCR_phi4.csv
[562/1200] Processing: trome#2021-03-02#02_config213_docTR_phi4.csv
[563/1200] Processing: trome#2021-03-02#02_config95_docTR_phi4.csv
[564/1200] Processing: trome#2021-03-02#02_config55_TesseractOCR_phi4.csv
[565/1200] Processing: trome#2021-03-02#02_config159_KerasOCR_phi4.csv
[566/1200] Processing: trome#2021-03-02#02_config26_EasyOCR_phi4.csv
[567/1200] Processing: trome#2021-03-02#02_config122_PaddleOCR_phi4.csv
[568/1200] Processing: trome#2021-03-02#02_config105_PaddleOCR_phi4.csv
[569/1200] Processing: trome#2021-03-02#02_config147_EasyOCR_phi4.csv
[570/1200] Processing: trome#2021-03-02#02_config151_PaddleOCR_phi4.csv
[571/1200] Processing: trome#2021-03-02#02_config103_PaddleOCR_phi4.csv
[572/1200] Processing: trome#2021-03-02#02_config208_KerasOCR_phi4.csv
[573/1200] Processing: trome#2021-03-02#02_config125_docTR_phi4.csv
[574/1200] Processing: trome#2021-03-02#02_config195_EasyOCR_phi4.csv
[575/1200] Processing: trome#2021-03-02#02_config82_PaddleOCR_phi4.csv
[576/1200] Processing: trome#2021-03-02#02_config177_EasyOCR_phi4.csv
[577/1200] Processing: trome#2021-03-02#02_config2_docTR_phi4.csv
[578/1200] Processing: trome#2021-03-02#02_config59_EasyOCR_phi4.csv
[579/1200] Processing: trome#2021-03-02#02_config53_TesseractOCR_phi4.csv
[580/1200] Processing: trome#2021-03-02#02_config9_EasyOCR_phi4.csv
[581/1200] Processing: trome#2021-03-02#02_config150_docTR_phi4.csv
[582/1200] Processing: trome#2021-03-02#02_config54_KerasOCR_phi4.csv
[583/1200] Processing: trome#2021-03-02#02_config137_docTR_phi4.csv
[584/1200] Processing: trome#2021-03-02#02_config195_TesseractOCR_phi4.csv
[585/1200] Processing: trome#2021-03-02#02_config96_PaddleOCR_phi4.csv
[586/1200] Processing: trome#2021-03-02#02_config93_PaddleOCR_phi4.csv
[587/1200] Processing: trome#2021-03-02#02_config141_PaddleOCR_phi4.csv
[588/1200] Processing: trome#2021-03-02#02_config173_EasyOCR_phi4.csv
[589/1200] Processing: trome#2021-03-02#02_config71_PaddleOCR_phi4.csv
[590/1200] Processing: trome#2021-03-02#02_config37_docTR_phi4.csv
[591/1200] Processing: trome#2021-03-02#02_config70_KerasOCR_phi4.csv
[592/1200] Processing: trome#2021-03-02#02_config189_TesseractOCR_phi4.csv
[593/1200] Processing: trome#2021-03-02#02_config217_PaddleOCR_phi4.csv
[594/1200] Processing: trome#2021-03-02#02_config222_KerasOCR_phi4.csv
[595/1200] Processing: trome#2021-03-02#02_config205_EasyOCR_phi4.csv
[596/1200] Processing: trome#2021-03-02#02_config86_PaddleOCR_phi4.csv
[597/1200] Processing: trome#2021-03-02#02_config138_KerasOCR_phi4.csv
[598/1200] Processing: trome#2021-03-02#02_config232_EasyOCR_phi4.csv
[599/1200] Processing: trome#2021-03-02#02_config188_docTR_phi4.csv
[600/1200] Processing: trome#2021-03-02#02_config226_PaddleOCR_phi4.csv
[601/1200] Processing: trome#2021-03-02#02_config120_EasyOCR_phi4.csv
[602/1200] Processing: trome#2021-03-02#02_config73_EasyOCR_phi4.csv
[603/1200] Processing: trome#2021-03-02#02_config95_TesseractOCR_phi4.csv
[604/1200] Processing: trome#2021-03-02#02_config127_PaddleOCR_phi4.csv
[605/1200] Processing: trome#2021-03-02#02_config198_EasyOCR_phi4.csv
[606/1200] Processing: trome#2021-03-02#02_config132_TesseractOCR_phi4.csv
[607/1200] Processing: trome#2021-03-02#02_config118_EasyOCR_phi4.csv
[608/1200] Processing: trome#2021-03-02#02_config62_docTR_phi4.csv
[609/1200] Processing: trome#2021-03-02#02_config206_docTR_phi4.csv
[610/1200] Processing: trome#2021-03-02#02_config68_TesseractOCR_phi4.csv
[611/1200] Processing: trome#2021-03-02#02_config52_EasyOCR_phi4.csv
[612/1200] Processing: trome#2021-03-02#02_config2_EasyOCR_phi4.csv
[613/1200] Processing: trome#2021-03-02#02_config204_KerasOCR_phi4.csv
[614/1200] Processing: trome#2021-03-02#02_config4_docTR_phi4.csv
[615/1200] Processing: trome#2021-03-02#02_config162_docTR_phi4.csv
[616/1200] Processing: trome#2021-03-02#02_config61_TesseractOCR_phi4.csv
[617/1200] Processing: trome#2021-03-02#02_config93_docTR_phi4.csv
[618/1200] Processing: trome#2021-03-02#02_config154_KerasOCR_phi4.csv
[619/1200] Processing: trome#2021-03-02#02_config227_KerasOCR_phi4.csv
[620/1200] Processing: trome#2021-03-02#02_config234_KerasOCR_phi4.csv
[621/1200] Processing: trome#2021-03-02#02_config202_EasyOCR_phi4.csv
[622/1200] Processing: trome#2021-03-02#02_config211_PaddleOCR_phi4.csv
[623/1200] Processing: trome#2021-03-02#02_config239_KerasOCR_phi4.csv
[624/1200] Processing: trome#2021-03-02#02_config31_EasyOCR_phi4.csv
[625/1200] Processing: trome#2021-03-02#02_config123_PaddleOCR_phi4.csv
[626/1200] Processing: trome#2021-03-02#02_config223_EasyOCR_phi4.csv
[627/1200] Processing: trome#2021-03-02#02_config25_PaddleOCR_phi4.csv
[628/1200] Processing: trome#2021-03-02#02_config84_TesseractOCR_phi4.csv
[629/1200] Processing: trome#2021-03-02#02_config181_EasyOCR_phi4.csv
[630/1200] Processing: trome#2021-03-02#02_config38_docTR_phi4.csv
[631/1200] Processing: trome#2021-03-02#02_config190_EasyOCR_phi4.csv
[632/1200] Processing: trome#2021-03-02#02_config43_KerasOCR_phi4.csv
[633/1200] Processing: trome#2021-03-02#02_config48_TesseractOCR_phi4.csv
[634/1200] Processing: trome#2021-03-02#02_config162_TesseractOCR_phi4.csv
[635/1200] Processing: trome#2021-03-02#02_config142_PaddleOCR_phi4.csv
[636/1200] Processing: trome#2021-03-02#02_config58_KerasOCR_phi4.csv
[637/1200] Processing: trome#2021-03-02#02_config32_TesseractOCR_phi4.csv
[638/1200] Processing: trome#2021-03-02#02_config221_PaddleOCR_phi4.csv
[639/1200] Processing: trome#2021-03-02#02_config215_PaddleOCR_phi4.csv
[640/1200] Processing: trome#2021-03-02#02_config166_EasyOCR_phi4.csv
[641/1200] Processing: trome#2021-03-02#02_config190_docTR_phi4.csv
[642/1200] Processing: trome#2021-03-02#02_config149_TesseractOCR_phi4.csv
[643/1200] Processing: trome#2021-03-02#02_config214_TesseractOCR_phi4.csv
[644/1200] Processing: trome#2021-03-02#02_config158_EasyOCR_phi4.csv
[645/1200] Processing: trome#2021-03-02#02_config121_EasyOCR_phi4.csv
[646/1200] Processing: trome#2021-03-02#02_config38_EasyOCR_phi4.csv
[647/1200] Processing: trome#2021-03-02#02_config128_KerasOCR_phi4.csv
[648/1200] Processing: trome#2021-03-02#02_config131_EasyOCR_phi4.csv
[649/1200] Processing: trome#2021-03-02#02_config133_EasyOCR_phi4.csv
[650/1200] Processing: trome#2021-03-02#02_config180_KerasOCR_phi4.csv
[651/1200] Processing: trome#2021-03-02#02_config206_KerasOCR_phi4.csv
[652/1200] Processing: trome#2021-03-02#02_config90_KerasOCR_phi4.csv
[653/1200] Processing: trome#2021-03-02#02_config29_EasyOCR_phi4.csv
[654/1200] Processing: trome#2021-03-02#02_config139_TesseractOCR_phi4.csv
[655/1200] Processing: trome#2021-03-02#02_config168_KerasOCR_phi4.csv
[656/1200] Processing: trome#2021-03-02#02_config228_PaddleOCR_phi4.csv
[657/1200] Processing: trome#2021-03-02#02_config67_TesseractOCR_phi4.csv
[658/1200] Processing: trome#2021-03-02#02_config234_TesseractOCR_phi4.csv
[659/1200] Processing: trome#2021-03-02#02_config174_docTR_phi4.csv
[660/1200] Processing: trome#2021-03-02#02_config26_docTR_phi4.csv
[661/1200] Processing: trome#2021-03-02#02_config230_TesseractOCR_phi4.csv
[662/1200] Processing: trome#2021-03-02#02_config108_EasyOCR_phi4.csv
[663/1200] Processing: trome#2021-03-02#02_config45_KerasOCR_phi4.csv
[664/1200] Processing: trome#2021-03-02#02_config198_PaddleOCR_phi4.csv
[665/1200] Processing: trome#2021-03-02#02_config149_EasyOCR_phi4.csv
[666/1200] Processing: trome#2021-03-02#02_config191_docTR_phi4.csv
[667/1200] Processing: trome#2021-03-02#02_config164_KerasOCR_phi4.csv
[668/1200] Processing: trome#2021-03-02#02_config204_PaddleOCR_phi4.csv
[669/1200] Processing: trome#2021-03-02#02_config48_PaddleOCR_phi4.csv
[670/1200] Processing: trome#2021-03-02#02_config6_EasyOCR_phi4.csv
[671/1200] Processing: trome#2021-03-02#02_config188_KerasOCR_phi4.csv
[672/1200] Processing: trome#2021-03-02#02_config27_EasyOCR_phi4.csv
[673/1200] Processing: trome#2021-03-02#02_config75_KerasOCR_phi4.csv
[674/1200] Processing: trome#2021-03-02#02_config35_PaddleOCR_phi4.csv
[675/1200] Processing: trome#2021-03-02#02_config148_EasyOCR_phi4.csv
[676/1200] Processing: trome#2021-03-02#02_config180_EasyOCR_phi4.csv
[677/1200] Processing: trome#2021-03-02#02_config80_EasyOCR_phi4.csv
[678/1200] Processing: trome#2021-03-02#02_config132_docTR_phi4.csv
[679/1200] Processing: trome#2021-03-02#02_config195_KerasOCR_phi4.csv
[680/1200] Processing: trome#2021-03-02#02_config66_TesseractOCR_phi4.csv
[681/1200] Processing: trome#2021-03-02#02_config1_docTR_phi4.csv
[682/1200] Processing: trome#2021-03-02#02_config132_PaddleOCR_phi4.csv
[683/1200] Processing: trome#2021-03-02#02_config78_KerasOCR_phi4.csv
[684/1200] Processing: trome#2021-03-02#02_config200_KerasOCR_phi4.csv
[685/1200] Processing: trome#2021-03-02#02_config190_TesseractOCR_phi4.csv
[686/1200] Processing: trome#2021-03-02#02_config137_KerasOCR_phi4.csv
[687/1200] Processing: trome#2021-03-02#02_config171_KerasOCR_phi4.csv
[688/1200] Processing: trome#2021-03-02#02_config122_KerasOCR_phi4.csv
[689/1200] Processing: trome#2021-03-02#02_config4_EasyOCR_phi4.csv
[690/1200] Processing: trome#2021-03-02#02_config74_EasyOCR_phi4.csv
[691/1200] Processing: trome#2021-03-02#02_config126_PaddleOCR_phi4.csv
[692/1200] Processing: trome#2021-03-02#02_config13_KerasOCR_phi4.csv
[693/1200] Processing: trome#2021-03-02#02_config168_docTR_phi4.csv
[694/1200] Processing: trome#2021-03-02#02_config176_TesseractOCR_phi4.csv
[695/1200] Processing: trome#2021-03-02#02_config67_docTR_phi4.csv
[696/1200] Processing: trome#2021-03-02#02_config56_KerasOCR_phi4.csv
[697/1200] Processing: trome#2021-03-02#02_config45_docTR_phi4.csv
[698/1200] Processing: trome#2021-03-02#02_config191_PaddleOCR_phi4.csv
[699/1200] Processing: trome#2021-03-02#02_config226_docTR_phi4.csv
[700/1200] Processing: trome#2021-03-02#02_config218_TesseractOCR_phi4.csv
[701/1200] Processing: trome#2021-03-02#02_config116_PaddleOCR_phi4.csv
[702/1200] Processing: trome#2021-03-02#02_config215_docTR_phi4.csv
[703/1200] Processing: trome#2021-03-02#02_config148_docTR_phi4.csv
[704/1200] Processing: trome#2021-03-02#02_config102_EasyOCR_phi4.csv
[705/1200] Processing: trome#2021-03-02#02_config100_EasyOCR_phi4.csv
[706/1200] Processing: trome#2021-03-02#02_config63_docTR_phi4.csv
[707/1200] Processing: trome#2021-03-02#02_config74_TesseractOCR_phi4.csv
[708/1200] Processing: trome#2021-03-02#02_config1_EasyOCR_phi4.csv
[709/1200] Processing: trome#2021-03-02#02_config139_docTR_phi4.csv
[710/1200] Processing: trome#2021-03-02#02_config142_KerasOCR_phi4.csv
[711/1200] Processing: trome#2021-03-02#02_config220_PaddleOCR_phi4.csv
[712/1200] Processing: trome#2021-03-02#02_config158_docTR_phi4.csv
[713/1200] Processing: trome#2021-03-02#02_config15_TesseractOCR_phi4.csv
[714/1200] Processing: trome#2021-03-02#02_config99_PaddleOCR_phi4.csv
[715/1200] Processing: trome#2021-03-02#02_config87_EasyOCR_phi4.csv
[716/1200] Processing: trome#2021-03-02#02_config122_EasyOCR_phi4.csv
[717/1200] Processing: trome#2021-03-02#02_config118_PaddleOCR_phi4.csv
[718/1200] Processing: trome#2021-03-02#02_config184_EasyOCR_phi4.csv
[719/1200] Processing: trome#2021-03-02#02_config165_TesseractOCR_phi4.csv
[720/1200] Processing: trome#2021-03-02#02_config228_docTR_phi4.csv
[721/1200] Processing: trome#2021-03-02#02_config46_TesseractOCR_phi4.csv
[722/1200] Processing: trome#2021-03-02#02_config77_docTR_phi4.csv
[723/1200] Processing: trome#2021-03-02#02_config42_docTR_phi4.csv
[724/1200] Processing: trome#2021-03-02#02_config83_EasyOCR_phi4.csv
[725/1200] Processing: trome#2021-03-02#02_config31_docTR_phi4.csv
[726/1200] Processing: trome#2021-03-02#02_config184_PaddleOCR_phi4.csv
[727/1200] Processing: trome#2021-03-02#02_config176_docTR_phi4.csv
[728/1200] Processing: trome#2021-03-02#02_config160_TesseractOCR_phi4.csv
[729/1200] Processing: trome#2021-03-02#02_config119_docTR_phi4.csv
[730/1200] Processing: trome#2021-03-02#02_config90_docTR_phi4.csv
[731/1200] Processing: trome#2021-03-02#02_config35_docTR_phi4.csv
[732/1200] Processing: trome#2021-03-02#02_config147_KerasOCR_phi4.csv
[733/1200] Processing: trome#2021-03-02#02_config10_KerasOCR_phi4.csv
[734/1200] Processing: trome#2021-03-02#02_config130_PaddleOCR_phi4.csv
[735/1200] Processing: trome#2021-03-02#02_config88_EasyOCR_phi4.csv
[736/1200] Processing: trome#2021-03-02#02_config178_EasyOCR_phi4.csv
[737/1200] Processing: trome#2021-03-02#02_config12_docTR_phi4.csv
[738/1200] Processing: trome#2021-03-02#02_config158_PaddleOCR_phi4.csv
[739/1200] Processing: trome#2021-03-02#02_config128_EasyOCR_phi4.csv
[740/1200] Processing: trome#2021-03-02#02_config144_EasyOCR_phi4.csv
[741/1200] Processing: trome#2021-03-02#02_config99_KerasOCR_phi4.csv
[742/1200] Processing: trome#2021-03-02#02_config31_KerasOCR_phi4.csv
[743/1200] Processing: trome#2021-03-02#02_config77_PaddleOCR_phi4.csv
[744/1200] Processing: trome#2021-03-02#02_config53_PaddleOCR_phi4.csv
[745/1200] Processing: trome#2021-03-02#02_config29_docTR_phi4.csv
[746/1200] Processing: trome#2021-03-02#02_config36_docTR_phi4.csv
[747/1200] Processing: trome#2021-03-02#02_config9_KerasOCR_phi4.csv
[748/1200] Processing: trome#2021-03-02#02_config209_TesseractOCR_phi4.csv
[749/1200] Processing: trome#2021-03-02#02_config37_PaddleOCR_phi4.csv
[750/1200] Processing: trome#2021-03-02#02_config145_EasyOCR_phi4.csv
[751/1200] Processing: trome#2021-03-02#02_config234_docTR_phi4.csv
[752/1200] Processing: trome#2021-03-02#02_config182_TesseractOCR_phi4.csv
[753/1200] Processing: trome#2021-03-02#02_config65_PaddleOCR_phi4.csv
[754/1200] Processing: trome#2021-03-02#02_config9_docTR_phi4.csv
[755/1200] Processing: trome#2021-03-02#02_config224_PaddleOCR_phi4.csv
[756/1200] Processing: trome#2021-03-02#02_config68_EasyOCR_phi4.csv
[757/1200] Processing: trome#2021-03-02#02_config153_docTR_phi4.csv
[758/1200] Processing: trome#2021-03-02#02_config132_KerasOCR_phi4.csv
[759/1200] Processing: trome#2021-03-02#02_config76_KerasOCR_phi4.csv
[760/1200] Processing: trome#2021-03-02#02_config174_KerasOCR_phi4.csv
[761/1200] Processing: trome#2021-03-02#02_config160_EasyOCR_phi4.csv
[762/1200] Processing: trome#2021-03-02#02_config212_PaddleOCR_phi4.csv
[763/1200] Processing: trome#2021-03-02#02_config65_EasyOCR_phi4.csv
[764/1200] Processing: trome#2021-03-02#02_config14_KerasOCR_phi4.csv
[765/1200] Processing: trome#2021-03-02#02_config71_EasyOCR_phi4.csv
[766/1200] Processing: trome#2021-03-02#02_config202_TesseractOCR_phi4.csv
[767/1200] Processing: trome#2021-03-02#02_config86_KerasOCR_phi4.csv
[768/1200] Processing: trome#2021-03-02#02_config72_PaddleOCR_phi4.csv
[769/1200] Processing: trome#2021-03-02#02_config162_KerasOCR_phi4.csv
[770/1200] Processing: trome#2021-03-02#02_config18_TesseractOCR_phi4.csv
[771/1200] Processing: trome#2021-03-02#02_config62_TesseractOCR_phi4.csv
[772/1200] Processing: trome#2021-03-02#02_config140_docTR_phi4.csv
[773/1200] Processing: trome#2021-03-02#02_config56_EasyOCR_phi4.csv
[774/1200] Processing: trome#2021-03-02#02_config29_TesseractOCR_phi4.csv
[775/1200] Processing: trome#2021-03-02#02_config184_TesseractOCR_phi4.csv
[776/1200] Processing: trome#2021-03-02#02_config120_TesseractOCR_phi4.csv
[777/1200] Processing: trome#2021-03-02#02_config30_docTR_phi4.csv
[778/1200] Processing: trome#2021-03-02#02_config58_PaddleOCR_phi4.csv
[779/1200] Processing: trome#2021-03-02#02_config74_KerasOCR_phi4.csv
[780/1200] Processing: trome#2021-03-02#02_config69_EasyOCR_phi4.csv
[781/1200] Processing: trome#2021-03-02#02_config106_KerasOCR_phi4.csv
[782/1200] Processing: trome#2021-03-02#02_config153_EasyOCR_phi4.csv
[783/1200] Processing: trome#2021-03-02#02_config150_TesseractOCR_phi4.csv
[784/1200] Processing: trome#2021-03-02#02_config91_KerasOCR_phi4.csv
[785/1200] Processing: trome#2021-03-02#02_config138_TesseractOCR_phi4.csv
[786/1200] Processing: trome#2021-03-02#02_config167_KerasOCR_phi4.csv
[787/1200] Processing: trome#2021-03-02#02_config199_EasyOCR_phi4.csv
[788/1200] Processing: trome#2021-03-02#02_config230_EasyOCR_phi4.csv
[789/1200] Processing: trome#2021-03-02#02_config106_EasyOCR_phi4.csv
[790/1200] Processing: trome#2021-03-02#02_config69_docTR_phi4.csv
[791/1200] Processing: trome#2021-03-02#02_config226_TesseractOCR_phi4.csv
[792/1200] Processing: trome#2021-03-02#02_config184_docTR_phi4.csv
[793/1200] Processing: trome#2021-03-02#02_config136_EasyOCR_phi4.csv
[794/1200] Processing: trome#2021-03-02#02_config55_docTR_phi4.csv
[795/1200] Processing: trome#2021-03-02#02_config114_TesseractOCR_phi4.csv
[796/1200] Processing: trome#2021-03-02#02_config177_KerasOCR_phi4.csv
[797/1200] Processing: trome#2021-03-02#02_config83_TesseractOCR_phi4.csv
[798/1200] Processing: trome#2021-03-02#02_config103_KerasOCR_phi4.csv
[799/1200] Processing: trome#2021-03-02#02_config124_docTR_phi4.csv
[800/1200] Processing: trome#2021-03-02#02_config3_KerasOCR_phi4.csv
[801/1200] Processing: trome#2021-03-02#02_config13_docTR_phi4.csv
[802/1200] Processing: trome#2021-03-02#02_config112_PaddleOCR_phi4.csv
[803/1200] Processing: trome#2021-03-02#02_config123_KerasOCR_phi4.csv
[804/1200] Processing: trome#2021-03-02#02_config99_docTR_phi4.csv
[805/1200] Processing: trome#2021-03-02#02_config164_EasyOCR_phi4.csv
[806/1200] Processing: trome#2021-03-02#02_config180_docTR_phi4.csv
[807/1200] Processing: trome#2021-03-02#02_config2_PaddleOCR_phi4.csv
[808/1200] Processing: trome#2021-03-02#02_config31_TesseractOCR_phi4.csv
[809/1200] Processing: trome#2021-03-02#02_config214_KerasOCR_phi4.csv
[810/1200] Processing: trome#2021-03-02#02_config53_EasyOCR_phi4.csv
[811/1200] Processing: trome#2021-03-02#02_config35_TesseractOCR_phi4.csv
[812/1200] Processing: trome#2021-03-02#02_config165_KerasOCR_phi4.csv
[813/1200] Processing: trome#2021-03-02#02_config67_PaddleOCR_phi4.csv
[814/1200] Processing: trome#2021-03-02#02_config103_docTR_phi4.csv
[815/1200] Processing: trome#2021-03-02#02_config210_docTR_phi4.csv
[816/1200] Processing: trome#2021-03-02#02_config47_docTR_phi4.csv
[817/1200] Processing: trome#2021-03-02#02_config145_docTR_phi4.csv
[818/1200] Processing: trome#2021-03-02#02_config123_EasyOCR_phi4.csv
[819/1200] Processing: trome#2021-03-02#02_config165_PaddleOCR_phi4.csv
[820/1200] Processing: trome#2021-03-02#02_config139_KerasOCR_phi4.csv
[821/1200] Processing: trome#2021-03-02#02_config49_docTR_phi4.csv
[822/1200] Processing: trome#2021-03-02#02_config223_KerasOCR_phi4.csv
[823/1200] Processing: trome#2021-03-02#02_config116_KerasOCR_phi4.csv
[824/1200] Processing: trome#2021-03-02#02_config53_docTR_phi4.csv
[825/1200] Processing: trome#2021-03-02#02_config203_docTR_phi4.csv
[826/1200] Processing: trome#2021-03-02#02_config221_EasyOCR_phi4.csv
[827/1200] Processing: trome#2021-03-02#02_config73_KerasOCR_phi4.csv
[828/1200] Processing: trome#2021-03-02#02_config187_EasyOCR_phi4.csv
[829/1200] Processing: trome#2021-03-02#02_config19_TesseractOCR_phi4.csv
[830/1200] Processing: trome#2021-03-02#02_config101_EasyOCR_phi4.csv
[831/1200] Processing: trome#2021-03-02#02_config194_TesseractOCR_phi4.csv
[832/1200] Processing: trome#2021-03-02#02_config210_TesseractOCR_phi4.csv
[833/1200] Processing: trome#2021-03-02#02_config17_docTR_phi4.csv
[834/1200] Processing: trome#2021-03-02#02_config21_EasyOCR_phi4.csv
[835/1200] Processing: trome#2021-03-02#02_config49_PaddleOCR_phi4.csv
[836/1200] Processing: trome#2021-03-02#02_config152_KerasOCR_phi4.csv
[837/1200] Processing: trome#2021-03-02#02_config218_EasyOCR_phi4.csv
[838/1200] Processing: trome#2021-03-02#02_config10_TesseractOCR_phi4.csv
[839/1200] Processing: trome#2021-03-02#02_config28_PaddleOCR_phi4.csv
[840/1200] Processing: trome#2021-03-02#02_config41_EasyOCR_phi4.csv
[841/1200] Processing: trome#2021-03-02#02_config239_docTR_phi4.csv
[842/1200] Processing: trome#2021-03-02#02_config34_PaddleOCR_phi4.csv
[843/1200] Processing: trome#2021-03-02#02_config189_KerasOCR_phi4.csv
[844/1200] Processing: trome#2021-03-02#02_config68_docTR_phi4.csv
[845/1200] Processing: trome#2021-03-02#02_config229_KerasOCR_phi4.csv
[846/1200] Processing: trome#2021-03-02#02_config146_KerasOCR_phi4.csv
[847/1200] Processing: trome#2021-03-02#02_config44_EasyOCR_phi4.csv
[848/1200] Processing: trome#2021-03-02#02_config185_TesseractOCR_phi4.csv
[849/1200] Processing: trome#2021-03-02#02_config57_KerasOCR_phi4.csv
[850/1200] Processing: trome#2021-03-02#02_config63_KerasOCR_phi4.csv
[851/1200] Processing: trome#2021-03-02#02_config90_TesseractOCR_phi4.csv
[852/1200] Processing: trome#2021-03-02#02_config46_EasyOCR_phi4.csv
[853/1200] Processing: trome#2021-03-02#02_config77_TesseractOCR_phi4.csv
[854/1200] Processing: trome#2021-03-02#02_config82_KerasOCR_phi4.csv
[855/1200] Processing: trome#2021-03-02#02_config140_PaddleOCR_phi4.csv
[856/1200] Processing: trome#2021-03-02#02_config129_TesseractOCR_phi4.csv
[857/1200] Processing: trome#2021-03-02#02_config106_TesseractOCR_phi4.csv
[858/1200] Processing: trome#2021-03-02#02_config60_docTR_phi4.csv
[859/1200] Processing: trome#2021-03-02#02_config169_TesseractOCR_phi4.csv
[860/1200] Processing: trome#2021-03-02#02_config68_KerasOCR_phi4.csv
[861/1200] Processing: trome#2021-03-02#02_config22_docTR_phi4.csv
[862/1200] Processing: trome#2021-03-02#02_config175_TesseractOCR_phi4.csv
[863/1200] Processing: trome#2021-03-02#02_config211_EasyOCR_phi4.csv
[864/1200] Processing: trome#2021-03-02#02_config39_PaddleOCR_phi4.csv
[865/1200] Processing: trome#2021-03-02#02_config113_TesseractOCR_phi4.csv
[866/1200] Processing: trome#2021-03-02#02_config90_PaddleOCR_phi4.csv
[867/1200] Processing: trome#2021-03-02#02_config224_docTR_phi4.csv
[868/1200] Processing: trome#2021-03-02#02_config133_PaddleOCR_phi4.csv
[869/1200] Processing: trome#2021-03-02#02_config197_KerasOCR_phi4.csv
[870/1200] Processing: trome#2021-03-02#02_config174_PaddleOCR_phi4.csv
[871/1200] Processing: trome#2021-03-02#02_config85_TesseractOCR_phi4.csv
[872/1200] Processing: trome#2021-03-02#02_config206_PaddleOCR_phi4.csv
[873/1200] Processing: trome#2021-03-02#02_config187_PaddleOCR_phi4.csv
[874/1200] Processing: trome#2021-03-02#02_config174_EasyOCR_phi4.csv
[875/1200] Processing: trome#2021-03-02#02_config117_TesseractOCR_phi4.csv
[876/1200] Processing: trome#2021-03-02#02_config154_docTR_phi4.csv
[877/1200] Processing: trome#2021-03-02#02_config173_docTR_phi4.csv
[878/1200] Processing: trome#2021-03-02#02_config127_KerasOCR_phi4.csv
[879/1200] Processing: trome#2021-03-02#02_config227_docTR_phi4.csv
[880/1200] Processing: trome#2021-03-02#02_config159_EasyOCR_phi4.csv
[881/1200] Processing: trome#2021-03-02#02_config12_KerasOCR_phi4.csv
[882/1200] Processing: trome#2021-03-02#02_config166_PaddleOCR_phi4.csv
[883/1200] Processing: trome#2021-03-02#02_config104_docTR_phi4.csv
[884/1200] Processing: trome#2021-03-02#02_config7_docTR_phi4.csv
[885/1200] Processing: trome#2021-03-02#02_config158_TesseractOCR_phi4.csv
[886/1200] Processing: trome#2021-03-02#02_config140_TesseractOCR_phi4.csv
[887/1200] Processing: trome#2021-03-02#02_config170_KerasOCR_phi4.csv
[888/1200] Processing: trome#2021-03-02#02_config19_EasyOCR_phi4.csv
[889/1200] Processing: trome#2021-03-02#02_config162_EasyOCR_phi4.csv
[890/1200] Processing: trome#2021-03-02#02_config60_TesseractOCR_phi4.csv
[891/1200] Processing: trome#2021-03-02#02_config48_KerasOCR_phi4.csv
[892/1200] Processing: trome#2021-03-02#02_config236_KerasOCR_phi4.csv
[893/1200] Processing: trome#2021-03-02#02_config227_TesseractOCR_phi4.csv
[894/1200] Processing: trome#2021-03-02#02_config210_EasyOCR_phi4.csv
[895/1200] Processing: trome#2021-03-02#02_config92_TesseractOCR_phi4.csv
[896/1200] Processing: trome#2021-03-02#02_config75_TesseractOCR_phi4.csv
[897/1200] Processing: trome#2021-03-02#02_config36_EasyOCR_phi4.csv
[898/1200] Processing: trome#2021-03-02#02_config131_TesseractOCR_phi4.csv
[899/1200] Processing: trome#2021-03-02#02_config197_PaddleOCR_phi4.csv
[900/1200] Processing: trome#2021-03-02#02_config33_KerasOCR_phi4.csv
[901/1200] Processing: trome#2021-03-02#02_config233_PaddleOCR_phi4.csv
[902/1200] Processing: trome#2021-03-02#02_config238_PaddleOCR_phi4.csv
[903/1200] Processing: trome#2021-03-02#02_config212_TesseractOCR_phi4.csv
[904/1200] Processing: trome#2021-03-02#02_config205_PaddleOCR_phi4.csv
[905/1200] Processing: trome#2021-03-02#02_config8_docTR_phi4.csv
[906/1200] Processing: trome#2021-03-02#02_config127_EasyOCR_phi4.csv
[907/1200] Processing: trome#2021-03-02#02_config228_TesseractOCR_phi4.csv
[908/1200] Processing: trome#2021-03-02#02_config65_docTR_phi4.csv
[909/1200] Processing: trome#2021-03-02#02_config199_docTR_phi4.csv
[910/1200] Processing: trome#2021-03-02#02_config213_KerasOCR_phi4.csv
[911/1200] Processing: trome#2021-03-02#02_config214_PaddleOCR_phi4.csv
[912/1200] Processing: trome#2021-03-02#02_config108_PaddleOCR_phi4.csv
[913/1200] Processing: trome#2021-03-02#02_config57_TesseractOCR_phi4.csv
[914/1200] Processing: trome#2021-03-02#02_config187_docTR_phi4.csv
[915/1200] Processing: trome#2021-03-02#02_config78_PaddleOCR_phi4.csv
[916/1200] Processing: trome#2021-03-02#02_config105_docTR_phi4.csv
[917/1200] Processing: trome#2021-03-02#02_config24_EasyOCR_phi4.csv
[918/1200] Processing: trome#2021-03-02#02_config175_docTR_phi4.csv
[919/1200] Processing: trome#2021-03-02#02_config176_EasyOCR_phi4.csv
[920/1200] Processing: trome#2021-03-02#02_config221_TesseractOCR_phi4.csv
[921/1200] Processing: trome#2021-03-02#02_config203_PaddleOCR_phi4.csv
[922/1200] Processing: trome#2021-03-02#02_config194_docTR_phi4.csv
[923/1200] Processing: trome#2021-03-02#02_config178_KerasOCR_phi4.csv
[924/1200] Processing: trome#2021-03-02#02_config231_TesseractOCR_phi4.csv
[925/1200] Processing: trome#2021-03-02#02_config219_KerasOCR_phi4.csv
[926/1200] Processing: trome#2021-03-02#02_config230_PaddleOCR_phi4.csv
[927/1200] Processing: trome#2021-03-02#02_config37_TesseractOCR_phi4.csv
[928/1200] Processing: trome#2021-03-02#02_config109_PaddleOCR_phi4.csv
[929/1200] Processing: trome#2021-03-02#02_config7_TesseractOCR_phi4.csv
[930/1200] Processing: trome#2021-03-02#02_config78_docTR_phi4.csv
[931/1200] Processing: trome#2021-03-02#02_config223_PaddleOCR_phi4.csv
[932/1200] Processing: trome#2021-03-02#02_config13_PaddleOCR_phi4.csv
[933/1200] Processing: trome#2021-03-02#02_config159_PaddleOCR_phi4.csv
[934/1200] Processing: trome#2021-03-02#02_config82_docTR_phi4.csv
[935/1200] Processing: trome#2021-03-02#02_config122_docTR_phi4.csv
[936/1200] Processing: trome#2021-03-02#02_config64_PaddleOCR_phi4.csv
[937/1200] Processing: trome#2021-03-02#02_config208_docTR_phi4.csv
[938/1200] Processing: trome#2021-03-02#02_config216_KerasOCR_phi4.csv
[939/1200] Processing: trome#2021-03-02#02_config214_docTR_phi4.csv
[940/1200] Processing: trome#2021-03-02#02_config72_KerasOCR_phi4.csv
[941/1200] Processing: trome#2021-03-02#02_config187_KerasOCR_phi4.csv
[942/1200] Processing: trome#2021-03-02#02_config12_TesseractOCR_phi4.csv
[943/1200] Processing: trome#2021-03-02#02_config0_docTR_phi4.csv
[944/1200] Processing: trome#2021-03-02#02_config65_KerasOCR_phi4.csv
[945/1200] Processing: trome#2021-03-02#02_config135_TesseractOCR_phi4.csv
[946/1200] Processing: trome#2021-03-02#02_config10_PaddleOCR_phi4.csv
[947/1200] Processing: trome#2021-03-02#02_config27_KerasOCR_phi4.csv
[948/1200] Processing: trome#2021-03-02#02_config228_KerasOCR_phi4.csv
[949/1200] Processing: trome#2021-03-02#02_config104_EasyOCR_phi4.csv
[950/1200] Processing: trome#2021-03-02#02_config201_TesseractOCR_phi4.csv
[951/1200] Processing: trome#2021-03-02#02_config174_TesseractOCR_phi4.csv
[952/1200] Processing: trome#2021-03-02#02_config117_EasyOCR_phi4.csv
[953/1200] Processing: trome#2021-03-02#02_config5_PaddleOCR_phi4.csv
[954/1200] Processing: trome#2021-03-02#02_config30_TesseractOCR_phi4.csv
[955/1200] Processing: trome#2021-03-02#02_config232_TesseractOCR_phi4.csv
[956/1200] Processing: trome#2021-03-02#02_config40_KerasOCR_phi4.csv
[957/1200] Processing: trome#2021-03-02#02_config205_KerasOCR_phi4.csv
[958/1200] Processing: trome#2021-03-02#02_config28_TesseractOCR_phi4.csv
[959/1200] Processing: trome#2021-03-02#02_config18_docTR_phi4.csv
[960/1200] Processing: trome#2021-03-02#02_config40_EasyOCR_phi4.csv
[961/1200] Processing: trome#2021-03-02#02_config36_PaddleOCR_phi4.csv
[962/1200] Processing: trome#2021-03-02#02_config131_PaddleOCR_phi4.csv
[963/1200] Processing: trome#2021-03-02#02_config33_TesseractOCR_phi4.csv
[964/1200] Processing: trome#2021-03-02#02_config223_TesseractOCR_phi4.csv
[965/1200] Processing: trome#2021-03-02#02_config192_TesseractOCR_phi4.csv
[966/1200] Processing: trome#2021-03-02#02_config32_KerasOCR_phi4.csv
[967/1200] Processing: trome#2021-03-02#02_config234_EasyOCR_phi4.csv
[968/1200] Processing: trome#2021-03-02#02_config8_TesseractOCR_phi4.csv
[969/1200] Processing: trome#2021-03-02#02_config199_KerasOCR_phi4.csv
[970/1200] Processing: trome#2021-03-02#02_config112_EasyOCR_phi4.csv
[971/1200] Processing: trome#2021-03-02#02_config177_PaddleOCR_phi4.csv
[972/1200] Processing: trome#2021-03-02#02_config64_TesseractOCR_phi4.csv
[973/1200] Processing: trome#2021-03-02#02_config143_EasyOCR_phi4.csv
[974/1200] Processing: trome#2021-03-02#02_config211_docTR_phi4.csv
[975/1200] Processing: trome#2021-03-02#02_config202_docTR_phi4.csv
[976/1200] Processing: trome#2021-03-02#02_config78_EasyOCR_phi4.csv
[977/1200] Processing: trome#2021-03-02#02_config26_KerasOCR_phi4.csv
[978/1200] Processing: trome#2021-03-02#02_config200_docTR_phi4.csv
[979/1200] Processing: trome#2021-03-02#02_config186_PaddleOCR_phi4.csv
[980/1200] Processing: trome#2021-03-02#02_config184_KerasOCR_phi4.csv
[981/1200] Processing: trome#2021-03-02#02_config139_PaddleOCR_phi4.csv
[982/1200] Processing: trome#2021-03-02#02_config222_PaddleOCR_phi4.csv
[983/1200] Processing: trome#2021-03-02#02_config131_docTR_phi4.csv
[984/1200] Processing: trome#2021-03-02#02_config38_PaddleOCR_phi4.csv
[985/1200] Processing: trome#2021-03-02#02_config47_EasyOCR_phi4.csv
[986/1200] Processing: trome#2021-03-02#02_config180_TesseractOCR_phi4.csv
[987/1200] Processing: trome#2021-03-02#02_config7_KerasOCR_phi4.csv
[988/1200] Processing: trome#2021-03-02#02_config196_PaddleOCR_phi4.csv
[989/1200] Processing: trome#2021-03-02#02_config215_EasyOCR_phi4.csv
[990/1200] Processing: trome#2021-03-02#02_config130_KerasOCR_phi4.csv
[991/1200] Processing: trome#2021-03-02#02_config138_docTR_phi4.csv
[992/1200] Processing: trome#2021-03-02#02_config155_TesseractOCR_phi4.csv
[993/1200] Processing: trome#2021-03-02#02_config6_PaddleOCR_phi4.csv
[994/1200] Processing: trome#2021-03-02#02_config107_KerasOCR_phi4.csv
[995/1200] Processing: trome#2021-03-02#02_config44_KerasOCR_phi4.csv
[996/1200] Processing: trome#2021-03-02#02_config117_KerasOCR_phi4.csv
[997/1200] Processing: trome#2021-03-02#02_config15_PaddleOCR_phi4.csv
[998/1200] Processing: trome#2021-03-02#02_config156_docTR_phi4.csv
[999/1200] Processing: trome#2021-03-02#02_config233_TesseractOCR_phi4.csv
[1000/1200] Processing: trome#2021-03-02#02_config133_KerasOCR_phi4.csv
[1001/1200] Processing: trome#2021-03-02#02_config113_EasyOCR_phi4.csv
[1002/1200] Processing: trome#2021-03-02#02_config130_docTR_phi4.csv
[1003/1200] Processing: trome#2021-03-02#02_config133_docTR_phi4.csv
[1004/1200] Processing: trome#2021-03-02#02_config20_TesseractOCR_phi4.csv
[1005/1200] Processing: trome#2021-03-02#02_config179_KerasOCR_phi4.csv
[1006/1200] Processing: trome#2021-03-02#02_config108_KerasOCR_phi4.csv
[1007/1200] Processing: trome#2021-03-02#02_config34_EasyOCR_phi4.csv
[1008/1200] Processing: trome#2021-03-02#02_config195_PaddleOCR_phi4.csv
[1009/1200] Processing: trome#2021-03-02#02_config88_KerasOCR_phi4.csv
[1010/1200] Processing: trome#2021-03-02#02_config66_PaddleOCR_phi4.csv
[1011/1200] Processing: trome#2021-03-02#02_config21_KerasOCR_phi4.csv
[1012/1200] Processing: trome#2021-03-02#02_config61_docTR_phi4.csv
[1013/1200] Processing: trome#2021-03-02#02_config147_docTR_phi4.csv
[1014/1200] Processing: trome#2021-03-02#02_config6_docTR_phi4.csv
[1015/1200] Processing: trome#2021-03-02#02_config145_PaddleOCR_phi4.csv
[1016/1200] Processing: trome#2021-03-02#02_config83_PaddleOCR_phi4.csv
[1017/1200] Processing: trome#2021-03-02#02_config99_TesseractOCR_phi4.csv
[1018/1200] Processing: trome#2021-03-02#02_config151_KerasOCR_phi4.csv
[1019/1200] Processing: trome#2021-03-02#02_config52_docTR_phi4.csv
[1020/1200] Processing: trome#2021-03-02#02_config129_docTR_phi4.csv
[1021/1200] Processing: trome#2021-03-02#02_config193_docTR_phi4.csv
[1022/1200] Processing: trome#2021-03-02#02_config43_EasyOCR_phi4.csv
[1023/1200] Processing: trome#2021-03-02#02_config171_EasyOCR_phi4.csv
[1024/1200] Processing: trome#2021-03-02#02_config161_TesseractOCR_phi4.csv
[1025/1200] Processing: trome#2021-03-02#02_config165_docTR_phi4.csv
[1026/1200] Processing: trome#2021-03-02#02_config101_KerasOCR_phi4.csv
[1027/1200] Processing: trome#2021-03-02#02_config126_docTR_phi4.csv
[1028/1200] Processing: trome#2021-03-02#02_config18_EasyOCR_phi4.csv
[1029/1200] Processing: trome#2021-03-02#02_config191_KerasOCR_phi4.csv
[1030/1200] Processing: trome#2021-03-02#02_config0_TesseractOCR_phi4.csv
[1031/1200] Processing: trome#2021-03-02#02_config224_EasyOCR_phi4.csv
[1032/1200] Processing: trome#2021-03-02#02_config25_KerasOCR_phi4.csv
[1033/1200] Processing: trome#2021-03-02#02_config96_docTR_phi4.csv
[1034/1200] Processing: trome#2021-03-02#02_config43_docTR_phi4.csv
[1035/1200] Processing: trome#2021-03-02#02_config60_KerasOCR_phi4.csv
[1036/1200] Processing: trome#2021-03-02#02_config186_TesseractOCR_phi4.csv
[1037/1200] Processing: trome#2021-03-02#02_config97_EasyOCR_phi4.csv
[1038/1200] Processing: trome#2021-03-02#02_config160_PaddleOCR_phi4.csv
[1039/1200] Processing: trome#2021-03-02#02_config216_docTR_phi4.csv
[1040/1200] Processing: trome#2021-03-02#02_config141_docTR_phi4.csv
[1041/1200] Processing: trome#2021-03-02#02_config209_docTR_phi4.csv
[1042/1200] Processing: trome#2021-03-02#02_config28_EasyOCR_phi4.csv
[1043/1200] Processing: trome#2021-03-02#02_config130_TesseractOCR_phi4.csv
[1044/1200] Processing: trome#2021-03-02#02_config231_PaddleOCR_phi4.csv
[1045/1200] Processing: trome#2021-03-02#02_config171_docTR_phi4.csv
[1046/1200] Processing: trome#2021-03-02#02_config119_KerasOCR_phi4.csv
[1047/1200] Processing: trome#2021-03-02#02_config3_TesseractOCR_phi4.csv
[1048/1200] Processing: trome#2021-03-02#02_config109_KerasOCR_phi4.csv
[1049/1200] Processing: trome#2021-03-02#02_config193_PaddleOCR_phi4.csv
[1050/1200] Processing: trome#2021-03-02#02_config14_PaddleOCR_phi4.csv
[1051/1200] Processing: trome#2021-03-02#02_config189_PaddleOCR_phi4.csv
[1052/1200] Processing: trome#2021-03-02#02_config218_KerasOCR_phi4.csv
[1053/1200] Processing: trome#2021-03-02#02_config85_EasyOCR_phi4.csv
[1054/1200] Processing: trome#2021-03-02#02_config176_PaddleOCR_phi4.csv
[1055/1200] Processing: trome#2021-03-02#02_config21_docTR_phi4.csv
[1056/1200] Processing: trome#2021-03-02#02_config65_TesseractOCR_phi4.csv
[1057/1200] Processing: trome#2021-03-02#02_config82_EasyOCR_phi4.csv
[1058/1200] Processing: trome#2021-03-02#02_config164_docTR_phi4.csv
[1059/1200] Processing: trome#2021-03-02#02_config111_docTR_phi4.csv
[1060/1200] Processing: trome#2021-03-02#02_config37_KerasOCR_phi4.csv
[1061/1200] Processing: trome#2021-03-02#02_config166_TesseractOCR_phi4.csv
[1062/1200] Processing: trome#2021-03-02#02_config27_TesseractOCR_phi4.csv
[1063/1200] Processing: trome#2021-03-02#02_config17_KerasOCR_phi4.csv
[1064/1200] Processing: trome#2021-03-02#02_config183_KerasOCR_phi4.csv
[1065/1200] Processing: trome#2021-03-02#02_config12_PaddleOCR_phi4.csv
[1066/1200] Processing: trome#2021-03-02#02_config135_KerasOCR_phi4.csv
[1067/1200] Processing: trome#2021-03-02#02_config80_PaddleOCR_phi4.csv
[1068/1200] Processing: trome#2021-03-02#02_config8_EasyOCR_phi4.csv
[1069/1200] Processing: trome#2021-03-02#02_config144_TesseractOCR_phi4.csv
[1070/1200] Processing: trome#2021-03-02#02_config38_KerasOCR_phi4.csv
[1071/1200] Processing: trome#2021-03-02#02_config24_TesseractOCR_phi4.csv
[1072/1200] Processing: trome#2021-03-02#02_config185_docTR_phi4.csv
[1073/1200] Processing: trome#2021-03-02#02_config220_docTR_phi4.csv
[1074/1200] Processing: trome#2021-03-02#02_config89_TesseractOCR_phi4.csv
[1075/1200] Processing: trome#2021-03-02#02_config155_EasyOCR_phi4.csv
[1076/1200] Processing: trome#2021-03-02#02_config137_EasyOCR_phi4.csv
[1077/1200] Processing: trome#2021-03-02#02_config32_EasyOCR_phi4.csv
[1078/1200] Processing: trome#2021-03-02#02_config192_docTR_phi4.csv
[1079/1200] Processing: trome#2021-03-02#02_config110_PaddleOCR_phi4.csv
[1080/1200] Processing: trome#2021-03-02#02_config236_docTR_phi4.csv
[1081/1200] Processing: trome#2021-03-02#02_config116_TesseractOCR_phi4.csv
[1082/1200] Processing: trome#2021-03-02#02_config189_docTR_phi4.csv
[1083/1200] Processing: trome#2021-03-02#02_config20_EasyOCR_phi4.csv
[1084/1200] Processing: trome#2021-03-02#02_config24_docTR_phi4.csv
[1085/1200] Processing: trome#2021-03-02#02_config124_PaddleOCR_phi4.csv
[1086/1200] Processing: trome#2021-03-02#02_config134_TesseractOCR_phi4.csv
[1087/1200] Processing: trome#2021-03-02#02_config210_PaddleOCR_phi4.csv
[1088/1200] Processing: trome#2021-03-02#02_config63_PaddleOCR_phi4.csv
[1089/1200] Processing: trome#2021-03-02#02_config169_KerasOCR_phi4.csv
[1090/1200] Processing: trome#2021-03-02#02_config126_TesseractOCR_phi4.csv
[1091/1200] Processing: trome#2021-03-02#02_config84_KerasOCR_phi4.csv
[1092/1200] Processing: trome#2021-03-02#02_config198_TesseractOCR_phi4.csv
[1093/1200] Processing: trome#2021-03-02#02_config59_TesseractOCR_phi4.csv
[1094/1200] Processing: trome#2021-03-02#02_config203_EasyOCR_phi4.csv
[1095/1200] Processing: trome#2021-03-02#02_config122_TesseractOCR_phi4.csv
[1096/1200] Processing: trome#2021-03-02#02_config229_EasyOCR_phi4.csv
[1097/1200] Processing: trome#2021-03-02#02_config164_PaddleOCR_phi4.csv
[1098/1200] Processing: trome#2021-03-02#02_config235_KerasOCR_phi4.csv
[1099/1200] Processing: trome#2021-03-02#02_config16_KerasOCR_phi4.csv
[1100/1200] Processing: trome#2021-03-02#02_config88_TesseractOCR_phi4.csv
[1101/1200] Processing: trome#2021-03-02#02_config23_docTR_phi4.csv
[1102/1200] Processing: trome#2021-03-02#02_config124_TesseractOCR_phi4.csv
[1103/1200] Processing: trome#2021-03-02#02_config142_EasyOCR_phi4.csv
[1104/1200] Processing: trome#2021-03-02#02_config204_TesseractOCR_phi4.csv
[1105/1200] Processing: trome#2021-03-02#02_config23_PaddleOCR_phi4.csv
[1106/1200] Processing: trome#2021-03-02#02_config203_TesseractOCR_phi4.csv
[1107/1200] Processing: trome#2021-03-02#02_config177_docTR_phi4.csv
[1108/1200] Processing: trome#2021-03-02#02_config225_KerasOCR_phi4.csv
[1109/1200] Processing: trome#2021-03-02#02_config67_EasyOCR_phi4.csv
[1110/1200] Processing: trome#2021-03-02#02_config155_docTR_phi4.csv
[1111/1200] Processing: trome#2021-03-02#02_config88_PaddleOCR_phi4.csv
[1112/1200] Processing: trome#2021-03-02#02_config12_EasyOCR_phi4.csv
[1113/1200] Processing: trome#2021-03-02#02_config44_docTR_phi4.csv
[1114/1200] Processing: trome#2021-03-02#02_config131_KerasOCR_phi4.csv
[1115/1200] Processing: trome#2021-03-02#02_config36_TesseractOCR_phi4.csv
[1116/1200] Processing: trome#2021-03-02#02_config235_PaddleOCR_phi4.csv
[1117/1200] Processing: trome#2021-03-02#02_config211_TesseractOCR_phi4.csv
[1118/1200] Processing: trome#2021-03-02#02_config155_KerasOCR_phi4.csv
[1119/1200] Processing: trome#2021-03-02#02_config0_PaddleOCR_phi4.csv
[1120/1200] Processing: trome#2021-03-02#02_config59_KerasOCR_phi4.csv
[1121/1200] Processing: trome#2021-03-02#02_config152_EasyOCR_phi4.csv
[1122/1200] Processing: trome#2021-03-02#02_config63_TesseractOCR_phi4.csv
[1123/1200] Processing: trome#2021-03-02#02_config150_EasyOCR_phi4.csv
[1124/1200] Processing: trome#2021-03-02#02_config128_docTR_phi4.csv
[1125/1200] Processing: trome#2021-03-02#02_config134_EasyOCR_phi4.csv
[1126/1200] Processing: trome#2021-03-02#02_config97_PaddleOCR_phi4.csv
[1127/1200] Processing: trome#2021-03-02#02_config190_KerasOCR_phi4.csv
[1128/1200] Processing: trome#2021-03-02#02_config45_TesseractOCR_phi4.csv
[1129/1200] Processing: trome#2021-03-02#02_config53_KerasOCR_phi4.csv
[1130/1200] Processing: trome#2021-03-02#02_config32_PaddleOCR_phi4.csv
[1131/1200] Processing: trome#2021-03-02#02_config237_EasyOCR_phi4.csv
[1132/1200] Processing: trome#2021-03-02#02_config151_EasyOCR_phi4.csv
[1133/1200] Processing: trome#2021-03-02#02_config54_EasyOCR_phi4.csv
[1134/1200] Processing: trome#2021-03-02#02_config59_PaddleOCR_phi4.csv
[1135/1200] Processing: trome#2021-03-02#02_config39_TesseractOCR_phi4.csv
[1136/1200] Processing: trome#2021-03-02#02_config143_KerasOCR_phi4.csv
[1137/1200] Processing: trome#2021-03-02#02_config156_EasyOCR_phi4.csv
[1138/1200] Processing: trome#2021-03-02#02_config175_KerasOCR_phi4.csv
[1139/1200] Processing: trome#2021-03-02#02_config109_docTR_phi4.csv
[1140/1200] Processing: trome#2021-03-02#02_config48_docTR_phi4.csv
[1141/1200] Processing: trome#2021-03-02#02_config180_PaddleOCR_phi4.csv
[1142/1200] Processing: trome#2021-03-02#02_config67_KerasOCR_phi4.csv
[1143/1200] Processing: trome#2021-03-02#02_config0_EasyOCR_phi4.csv
[1144/1200] Processing: trome#2021-03-02#02_config111_PaddleOCR_phi4.csv
[1145/1200] Processing: trome#2021-03-02#02_config156_TesseractOCR_phi4.csv
[1146/1200] Processing: trome#2021-03-02#02_config20_docTR_phi4.csv
[1147/1200] Processing: trome#2021-03-02#02_config235_TesseractOCR_phi4.csv
[1148/1200] Processing: trome#2021-03-02#02_config189_EasyOCR_phi4.csv
[1149/1200] Processing: trome#2021-03-02#02_config166_docTR_phi4.csv
[1150/1200] Processing: trome#2021-03-02#02_config207_docTR_phi4.csv
[1151/1200] Processing: trome#2021-03-02#02_config37_EasyOCR_phi4.csv
[1152/1200] Processing: trome#2021-03-02#02_config135_PaddleOCR_phi4.csv
[1153/1200] Processing: trome#2021-03-02#02_config121_TesseractOCR_phi4.csv
[1154/1200] Processing: trome#2021-03-02#02_config167_TesseractOCR_phi4.csv
[1155/1200] Processing: trome#2021-03-02#02_config113_docTR_phi4.csv
[1156/1200] Processing: trome#2021-03-02#02_config229_PaddleOCR_phi4.csv
[1157/1200] Processing: trome#2021-03-02#02_config185_KerasOCR_phi4.csv
[1158/1200] Processing: trome#2021-03-02#02_config238_KerasOCR_phi4.csv
[1159/1200] Processing: trome#2021-03-02#02_config76_PaddleOCR_phi4.csv
[1160/1200] Processing: trome#2021-03-02#02_config239_PaddleOCR_phi4.csv
[1161/1200] Processing: trome#2021-03-02#02_config179_docTR_phi4.csv
[1162/1200] Processing: trome#2021-03-02#02_config182_KerasOCR_phi4.csv
[1163/1200] Processing: trome#2021-03-02#02_config74_docTR_phi4.csv
[1164/1200] Processing: trome#2021-03-02#02_config114_EasyOCR_phi4.csv
[1165/1200] Processing: trome#2021-03-02#02_config220_KerasOCR_phi4.csv
[1166/1200] Processing: trome#2021-03-02#02_config225_EasyOCR_phi4.csv
[1167/1200] Processing: trome#2021-03-02#02_config208_TesseractOCR_phi4.csv
[1168/1200] Processing: trome#2021-03-02#02_config100_PaddleOCR_phi4.csv
[1169/1200] Processing: trome#2021-03-02#02_config44_TesseractOCR_phi4.csv
[1170/1200] Processing: trome#2021-03-02#02_config176_KerasOCR_phi4.csv
[1171/1200] Processing: trome#2021-03-02#02_config7_PaddleOCR_phi4.csv
[1172/1200] Processing: trome#2021-03-02#02_config216_TesseractOCR_phi4.csv
[1173/1200] Processing: trome#2021-03-02#02_config210_KerasOCR_phi4.csv
[1174/1200] Processing: trome#2021-03-02#02_config41_PaddleOCR_phi4.csv
[1175/1200] Processing: trome#2021-03-02#02_config25_EasyOCR_phi4.csv
[1176/1200] Processing: trome#2021-03-02#02_config16_docTR_phi4.csv
[1177/1200] Processing: trome#2021-03-02#02_config194_PaddleOCR_phi4.csv
[1178/1200] Processing: trome#2021-03-02#02_config33_docTR_phi4.csv
[1179/1200] Processing: trome#2021-03-02#02_config149_PaddleOCR_phi4.csv
[1180/1200] Processing: trome#2021-03-02#02_config156_PaddleOCR_phi4.csv
[1181/1200] Processing: trome#2021-03-02#02_config191_EasyOCR_phi4.csv
[1182/1200] Processing: trome#2021-03-02#02_config105_TesseractOCR_phi4.csv
[1183/1200] Processing: trome#2021-03-02#02_config183_docTR_phi4.csv
[1184/1200] Processing: trome#2021-03-02#02_config217_KerasOCR_phi4.csv
[1185/1200] Processing: trome#2021-03-02#02_config160_docTR_phi4.csv
[1186/1200] Processing: trome#2021-03-02#02_config219_docTR_phi4.csv
[1187/1200] Processing: trome#2021-03-02#02_config25_TesseractOCR_phi4.csv
[1188/1200] Processing: trome#2021-03-02#02_config171_TesseractOCR_phi4.csv
[1189/1200] Processing: trome#2021-03-02#02_config50_PaddleOCR_phi4.csv
[1190/1200] Processing: trome#2021-03-02#02_config175_EasyOCR_phi4.csv
[1191/1200] Processing: trome#2021-03-02#02_config234_PaddleOCR_phi4.csv
[1192/1200] Processing: trome#2021-03-02#02_config209_EasyOCR_phi4.csv
[1193/1200] Processing: trome#2021-03-02#02_config51_TesseractOCR_phi4.csv
[1194/1200] Processing: trome#2021-03-02#02_config161_KerasOCR_phi4.csv
[1195/1200] Processing: trome#2021-03-02#02_config91_PaddleOCR_phi4.csv
[1196/1200] Processing: trome#2021-03-02#02_config232_KerasOCR_phi4.csv
[1197/1200] Processing: trome#2021-03-02#02_config115_KerasOCR_phi4.csv
[1198/1200] Processing: trome#2021-03-02#02_config40_docTR_phi4.csv
[1199/1200] Processing: trome#2021-03-02#02_config149_KerasOCR_phi4.csv
[1200/1200] Processing: trome#2021-03-02#02_config114_docTR_phi4.csv
