[1/288] Processing: gestion#2015-09-10#04_config21_rolmocr_phi4.csv
[2/288] Processing: gestion#2015-09-10#04_config9_rolmocr_phi4.csv
[3/288] Processing: gestion#2017-05-15#04_config14_olmocr_phi4.csv
Best F1 so far: 0.42105
[4/288] Processing: gestion#2015-09-10#04_config18_rolmocr_phi4.csv
Best F1 so far: 0.50000
[5/288] Processing: gestion#2015-09-10#04_config17_rolmocr_phi4.csv
[6/288] Processing: gestion#2017-05-15#04_config7_olmocr_phi4.csv
[7/288] Processing: gestion#2014-06-02#01_config17_olmocr_phi4.csv
[8/288] Processing: gestion#2017-05-15#04_config19_rolmocr_phi4.csv
[9/288] Processing: gestion#2019-07-12#01_config5_nanonets_phi4.csv
[10/288] Processing: gestion#2015-09-10#04_config3_rolmocr_phi4.csv
[11/288] Processing: gestion#2017-05-15#04_config18_rolmocr_phi4.csv
[12/288] Processing: gestion#2017-05-15#04_config9_olmocr_phi4.csv
[13/288] Processing: gestion#2015-09-10#04_config19_nanonets_phi4.csv
[14/288] Processing: gestion#2019-07-12#01_config6_nanonets_phi4.csv
[15/288] Processing: gestion#2017-05-15#04_config23_olmocr_phi4.csv
[16/288] Processing: gestion#2019-07-12#01_config17_nanonets_phi4.csv
[17/288] Processing: gestion#2015-09-10#04_config3_nanonets_phi4.csv
[18/288] Processing: gestion#2019-07-12#01_config19_nanonets_phi4.csv
[19/288] Processing: gestion#2019-07-12#01_config22_nanonets_phi4.csv
[20/288] Processing: gestion#2019-07-12#01_config20_nanonets_phi4.csv
[21/288] Processing: gestion#2014-06-02#01_config4_nanonets_phi4.csv
[22/288] Processing: gestion#2019-07-12#01_config12_rolmocr_phi4.csv
[23/288] Processing: gestion#2015-09-10#04_config9_olmocr_phi4.csv
[24/288] Processing: gestion#2014-06-02#01_config6_nanonets_phi4.csv
[25/288] Processing: gestion#2015-09-10#04_config20_rolmocr_phi4.csv
[26/288] Processing: gestion#2014-06-02#01_config14_olmocr_phi4.csv
[27/288] Processing: gestion#2017-05-15#04_config14_rolmocr_phi4.csv
[28/288] Processing: gestion#2015-09-10#04_config13_olmocr_phi4.csv
[29/288] Processing: gestion#2017-05-15#04_config1_rolmocr_phi4.csv
[30/288] Processing: gestion#2017-05-15#04_config9_rolmocr_phi4.csv
[31/288] Processing: gestion#2015-09-10#04_config21_olmocr_phi4.csv
[32/288] Processing: gestion#2015-09-10#04_config15_olmocr_phi4.csv
[33/288] Processing: gestion#2015-09-10#04_config0_rolmocr_phi4.csv
[34/288] Processing: gestion#2017-05-15#04_config15_nanonets_phi4.csv
[35/288] Processing: gestion#2014-06-02#01_config22_rolmocr_phi4.csv
[36/288] Processing: gestion#2014-06-02#01_config0_olmocr_phi4.csv
[37/288] Processing: gestion#2014-06-02#01_config8_olmocr_phi4.csv
[38/288] Processing: gestion#2014-06-02#01_config23_rolmocr_phi4.csv
[39/288] Processing: gestion#2017-05-15#04_config5_rolmocr_phi4.csv
[40/288] Processing: gestion#2015-09-10#04_config6_rolmocr_phi4.csv
[41/288] Processing: gestion#2019-07-12#01_config17_olmocr_phi4.csv
[42/288] Processing: gestion#2014-06-02#01_config14_rolmocr_phi4.csv
[43/288] Processing: gestion#2019-07-12#01_config3_nanonets_phi4.csv
[44/288] Processing: gestion#2019-07-12#01_config3_olmocr_phi4.csv
[45/288] Processing: gestion#2017-05-15#04_config22_rolmocr_phi4.csv
[46/288] Processing: gestion#2017-05-15#04_config2_rolmocr_phi4.csv
[47/288] Processing: gestion#2014-06-02#01_config10_rolmocr_phi4.csv
[48/288] Processing: gestion#2015-09-10#04_config7_olmocr_phi4.csv
[49/288] Processing: gestion#2014-06-02#01_config23_nanonets_phi4.csv
[50/288] Processing: gestion#2014-06-02#01_config22_nanonets_phi4.csv
[51/288] Processing: gestion#2015-09-10#04_config13_nanonets_phi4.csv
[52/288] Processing: gestion#2015-09-10#04_config3_olmocr_phi4.csv
[53/288] Processing: gestion#2019-07-12#01_config12_olmocr_phi4.csv
[54/288] Processing: gestion#2015-09-10#04_config4_rolmocr_phi4.csv
[55/288] Processing: gestion#2014-06-02#01_config12_rolmocr_phi4.csv
[56/288] Processing: gestion#2014-06-02#01_config3_olmocr_phi4.csv
[57/288] Processing: gestion#2017-05-15#04_config1_olmocr_phi4.csv
[58/288] Processing: gestion#2017-05-15#04_config4_nanonets_phi4.csv
[59/288] Processing: gestion#2015-09-10#04_config18_olmocr_phi4.csv
[60/288] Processing: gestion#2017-05-15#04_config16_rolmocr_phi4.csv
[61/288] Processing: gestion#2014-06-02#01_config20_rolmocr_phi4.csv
[62/288] Processing: gestion#2014-06-02#01_config13_olmocr_phi4.csv
Best F1 so far: 0.59574
[63/288] Processing: gestion#2014-06-02#01_config21_olmocr_phi4.csv
[64/288] Processing: gestion#2019-07-12#01_config20_olmocr_phi4.csv
[65/288] Processing: gestion#2015-09-10#04_config16_nanonets_phi4.csv
[66/288] Processing: gestion#2017-05-15#04_config4_rolmocr_phi4.csv
[67/288] Processing: gestion#2017-05-15#04_config8_rolmocr_phi4.csv
[68/288] Processing: gestion#2017-05-15#04_config12_nanonets_phi4.csv
[69/288] Processing: gestion#2019-07-12#01_config1_olmocr_phi4.csv
[70/288] Processing: gestion#2017-05-15#04_config2_olmocr_phi4.csv
[71/288] Processing: gestion#2019-07-12#01_config3_rolmocr_phi4.csv
[72/288] Processing: gestion#2015-09-10#04_config2_olmocr_phi4.csv
[73/288] Processing: gestion#2019-07-12#01_config15_rolmocr_phi4.csv
[74/288] Processing: gestion#2017-05-15#04_config7_rolmocr_phi4.csv
[75/288] Processing: gestion#2014-06-02#01_config5_olmocr_phi4.csv
[76/288] Processing: gestion#2014-06-02#01_config4_rolmocr_phi4.csv
[77/288] Processing: gestion#2014-06-02#01_config16_nanonets_phi4.csv
[78/288] Processing: gestion#2015-09-10#04_config12_nanonets_phi4.csv
[79/288] Processing: gestion#2017-05-15#04_config15_olmocr_phi4.csv
[80/288] Processing: gestion#2015-09-10#04_config11_nanonets_phi4.csv
[81/288] Processing: gestion#2019-07-12#01_config4_rolmocr_phi4.csv
[82/288] Processing: gestion#2019-07-12#01_config20_rolmocr_phi4.csv
[83/288] Processing: gestion#2015-09-10#04_config19_rolmocr_phi4.csv
[84/288] Processing: gestion#2017-05-15#04_config13_olmocr_phi4.csv
[85/288] Processing: gestion#2017-05-15#04_config19_olmocr_phi4.csv
[86/288] Processing: gestion#2015-09-10#04_config12_olmocr_phi4.csv
[87/288] Processing: gestion#2019-07-12#01_config23_olmocr_phi4.csv
[88/288] Processing: gestion#2019-07-12#01_config1_rolmocr_phi4.csv
[89/288] Processing: gestion#2015-09-10#04_config19_olmocr_phi4.csv
[90/288] Processing: gestion#2017-05-15#04_config8_nanonets_phi4.csv
[91/288] Processing: gestion#2015-09-10#04_config5_nanonets_phi4.csv
[92/288] Processing: gestion#2017-05-15#04_config14_nanonets_phi4.csv
[93/288] Processing: gestion#2015-09-10#04_config21_nanonets_phi4.csv
Best F1 so far: 0.66667
[94/288] Processing: gestion#2017-05-15#04_config0_rolmocr_phi4.csv
[95/288] Processing: gestion#2014-06-02#01_config2_nanonets_phi4.csv
[96/288] Processing: gestion#2015-09-10#04_config6_nanonets_phi4.csv
[97/288] Processing: gestion#2019-07-12#01_config0_rolmocr_phi4.csv
[98/288] Processing: gestion#2014-06-02#01_config12_nanonets_phi4.csv
[99/288] Processing: gestion#2019-07-12#01_config7_olmocr_phi4.csv
[100/288] Processing: gestion#2017-05-15#04_config1_nanonets_phi4.csv
[101/288] Processing: gestion#2015-09-10#04_config14_rolmocr_phi4.csv
[102/288] Processing: gestion#2015-09-10#04_config10_rolmocr_phi4.csv
[103/288] Processing: gestion#2017-05-15#04_config5_olmocr_phi4.csv
[104/288] Processing: gestion#2015-09-10#04_config15_nanonets_phi4.csv
[105/288] Processing: gestion#2019-07-12#01_config11_rolmocr_phi4.csv
[106/288] Processing: gestion#2017-05-15#04_config13_nanonets_phi4.csv
[107/288] Processing: gestion#2017-05-15#04_config16_nanonets_phi4.csv
[108/288] Processing: gestion#2014-06-02#01_config21_nanonets_phi4.csv
[109/288] Processing: gestion#2014-06-02#01_config11_nanonets_phi4.csv
[110/288] Processing: gestion#2014-06-02#01_config13_rolmocr_phi4.csv
[111/288] Processing: gestion#2017-05-15#04_config20_olmocr_phi4.csv
[112/288] Processing: gestion#2014-06-02#01_config3_rolmocr_phi4.csv
[113/288] Processing: gestion#2017-05-15#04_config20_rolmocr_phi4.csv
[114/288] Processing: gestion#2014-06-02#01_config7_nanonets_phi4.csv
[115/288] Processing: gestion#2015-09-10#04_config23_rolmocr_phi4.csv
[116/288] Processing: gestion#2015-09-10#04_config23_olmocr_phi4.csv
[117/288] Processing: gestion#2019-07-12#01_config18_nanonets_phi4.csv
[118/288] Processing: gestion#2017-05-15#04_config11_olmocr_phi4.csv
[119/288] Processing: gestion#2017-05-15#04_config0_nanonets_phi4.csv
[120/288] Processing: gestion#2014-06-02#01_config5_rolmocr_phi4.csv
[121/288] Processing: gestion#2019-07-12#01_config1_nanonets_phi4.csv
[122/288] Processing: gestion#2015-09-10#04_config12_rolmocr_phi4.csv
[123/288] Processing: gestion#2017-05-15#04_config7_nanonets_phi4.csv
[124/288] Processing: gestion#2017-05-15#04_config13_rolmocr_phi4.csv
[125/288] Processing: gestion#2015-09-10#04_config17_olmocr_phi4.csv
[126/288] Processing: gestion#2019-07-12#01_config13_olmocr_phi4.csv
[127/288] Processing: gestion#2019-07-12#01_config14_rolmocr_phi4.csv
[128/288] Processing: gestion#2014-06-02#01_config19_olmocr_phi4.csv
[129/288] Processing: gestion#2014-06-02#01_config22_olmocr_phi4.csv
[130/288] Processing: gestion#2017-05-15#04_config19_nanonets_phi4.csv
[131/288] Processing: gestion#2015-09-10#04_config4_olmocr_phi4.csv
[132/288] Processing: gestion#2017-05-15#04_config10_rolmocr_phi4.csv
[133/288] Processing: gestion#2019-07-12#01_config23_nanonets_phi4.csv
[134/288] Processing: gestion#2017-05-15#04_config8_olmocr_phi4.csv
[135/288] Processing: gestion#2019-07-12#01_config21_nanonets_phi4.csv
[136/288] Processing: gestion#2019-07-12#01_config11_olmocr_phi4.csv
[137/288] Processing: gestion#2014-06-02#01_config12_olmocr_phi4.csv
[138/288] Processing: gestion#2015-09-10#04_config14_olmocr_phi4.csv
[139/288] Processing: gestion#2017-05-15#04_config4_olmocr_phi4.csv
[140/288] Processing: gestion#2019-07-12#01_config9_rolmocr_phi4.csv
[141/288] Processing: gestion#2014-06-02#01_config3_nanonets_phi4.csv
[142/288] Processing: gestion#2017-05-15#04_config18_nanonets_phi4.csv
[143/288] Processing: gestion#2019-07-12#01_config17_rolmocr_phi4.csv
[144/288] Processing: gestion#2019-07-12#01_config8_rolmocr_phi4.csv
[145/288] Processing: gestion#2017-05-15#04_config3_olmocr_phi4.csv
[146/288] Processing: gestion#2017-05-15#04_config18_olmocr_phi4.csv
[147/288] Processing: gestion#2015-09-10#04_config16_rolmocr_phi4.csv
[148/288] Processing: gestion#2015-09-10#04_config10_nanonets_phi4.csv
[149/288] Processing: gestion#2019-07-12#01_config0_nanonets_phi4.csv
[150/288] Processing: gestion#2015-09-10#04_config11_rolmocr_phi4.csv
[151/288] Processing: gestion#2017-05-15#04_config6_olmocr_phi4.csv
[152/288] Processing: gestion#2019-07-12#01_config13_nanonets_phi4.csv
[153/288] Processing: gestion#2019-07-12#01_config11_nanonets_phi4.csv
[154/288] Processing: gestion#2019-07-12#01_config8_nanonets_phi4.csv
[155/288] Processing: gestion#2015-09-10#04_config22_rolmocr_phi4.csv
[156/288] Processing: gestion#2017-05-15#04_config12_olmocr_phi4.csv
[157/288] Processing: gestion#2014-06-02#01_config19_rolmocr_phi4.csv
[158/288] Processing: gestion#2014-06-02#01_config15_olmocr_phi4.csv
[159/288] Processing: gestion#2017-05-15#04_config15_rolmocr_phi4.csv
[160/288] Processing: gestion#2015-09-10#04_config15_rolmocr_phi4.csv
[161/288] Processing: gestion#2014-06-02#01_config7_olmocr_phi4.csv
[162/288] Processing: gestion#2014-06-02#01_config1_rolmocr_phi4.csv
[163/288] Processing: gestion#2017-05-15#04_config17_rolmocr_phi4.csv
[164/288] Processing: gestion#2019-07-12#01_config18_rolmocr_phi4.csv
[165/288] Processing: gestion#2015-09-10#04_config14_nanonets_phi4.csv
[166/288] Processing: gestion#2019-07-12#01_config18_olmocr_phi4.csv
[167/288] Processing: gestion#2014-06-02#01_config10_olmocr_phi4.csv
[168/288] Processing: gestion#2019-07-12#01_config14_nanonets_phi4.csv
[169/288] Processing: gestion#2014-06-02#01_config13_nanonets_phi4.csv
[170/288] Processing: gestion#2019-07-12#01_config12_nanonets_phi4.csv
[171/288] Processing: gestion#2015-09-10#04_config7_nanonets_phi4.csv
[172/288] Processing: gestion#2015-09-10#04_config8_rolmocr_phi4.csv
[173/288] Processing: gestion#2019-07-12#01_config2_rolmocr_phi4.csv
[174/288] Processing: gestion#2019-07-12#01_config23_rolmocr_phi4.csv
[175/288] Processing: gestion#2017-05-15#04_config3_nanonets_phi4.csv
[176/288] Processing: gestion#2014-06-02#01_config9_olmocr_phi4.csv
[177/288] Processing: gestion#2019-07-12#01_config2_nanonets_phi4.csv
[178/288] Processing: gestion#2015-09-10#04_config16_olmocr_phi4.csv
[179/288] Processing: gestion#2014-06-02#01_config9_nanonets_phi4.csv
[180/288] Processing: gestion#2017-05-15#04_config10_olmocr_phi4.csv
[181/288] Processing: gestion#2015-09-10#04_config4_nanonets_phi4.csv
[182/288] Processing: gestion#2015-09-10#04_config18_nanonets_phi4.csv
[183/288] Processing: gestion#2019-07-12#01_config15_nanonets_phi4.csv
[184/288] Processing: gestion#2019-07-12#01_config22_olmocr_phi4.csv
[185/288] Processing: gestion#2015-09-10#04_config0_olmocr_phi4.csv
[186/288] Processing: gestion#2017-05-15#04_config16_olmocr_phi4.csv
[187/288] Processing: gestion#2014-06-02#01_config10_nanonets_phi4.csv
[188/288] Processing: gestion#2019-07-12#01_config10_rolmocr_phi4.csv
[189/288] Processing: gestion#2019-07-12#01_config16_rolmocr_phi4.csv
[190/288] Processing: gestion#2015-09-10#04_config5_olmocr_phi4.csv
[191/288] Processing: gestion#2014-06-02#01_config23_olmocr_phi4.csv
[192/288] Processing: gestion#2014-06-02#01_config16_olmocr_phi4.csv
[193/288] Processing: gestion#2015-09-10#04_config8_nanonets_phi4.csv
[194/288] Processing: gestion#2014-06-02#01_config4_olmocr_phi4.csv
[195/288] Processing: gestion#2017-05-15#04_config0_olmocr_phi4.csv
[196/288] Processing: gestion#2014-06-02#01_config0_rolmocr_phi4.csv
[197/288] Processing: gestion#2015-09-10#04_config9_nanonets_phi4.csv
[198/288] Processing: gestion#2019-07-12#01_config5_rolmocr_phi4.csv
[199/288] Processing: gestion#2019-07-12#01_config21_rolmocr_phi4.csv
[200/288] Processing: gestion#2019-07-12#01_config21_olmocr_phi4.csv
[201/288] Processing: gestion#2014-06-02#01_config2_olmocr_phi4.csv
[202/288] Processing: gestion#2019-07-12#01_config16_nanonets_phi4.csv
[203/288] Processing: gestion#2014-06-02#01_config21_rolmocr_phi4.csv
[204/288] Processing: gestion#2014-06-02#01_config17_nanonets_phi4.csv
[205/288] Processing: gestion#2015-09-10#04_config22_nanonets_phi4.csv
[206/288] Processing: gestion#2017-05-15#04_config23_nanonets_phi4.csv
[207/288] Processing: gestion#2015-09-10#04_config7_rolmocr_phi4.csv
[208/288] Processing: gestion#2014-06-02#01_config11_rolmocr_phi4.csv
[209/288] Processing: gestion#2015-09-10#04_config20_nanonets_phi4.csv
[210/288] Processing: gestion#2015-09-10#04_config20_olmocr_phi4.csv
[211/288] Processing: gestion#2014-06-02#01_config0_nanonets_phi4.csv
[212/288] Processing: gestion#2019-07-12#01_config22_rolmocr_phi4.csv
[213/288] Processing: gestion#2019-07-12#01_config7_nanonets_phi4.csv
[214/288] Processing: gestion#2017-05-15#04_config21_nanonets_phi4.csv
[215/288] Processing: gestion#2015-09-10#04_config17_nanonets_phi4.csv
[216/288] Processing: gestion#2017-05-15#04_config21_olmocr_phi4.csv
[217/288] Processing: gestion#2015-09-10#04_config22_olmocr_phi4.csv
[218/288] Processing: gestion#2019-07-12#01_config10_olmocr_phi4.csv
[219/288] Processing: gestion#2015-09-10#04_config1_rolmocr_phi4.csv
[220/288] Processing: gestion#2014-06-02#01_config18_nanonets_phi4.csv
[221/288] Processing: gestion#2014-06-02#01_config18_olmocr_phi4.csv
[222/288] Processing: gestion#2015-09-10#04_config11_olmocr_phi4.csv
[223/288] Processing: gestion#2015-09-10#04_config2_nanonets_phi4.csv
[224/288] Processing: gestion#2019-07-12#01_config19_olmocr_phi4.csv
[225/288] Processing: gestion#2017-05-15#04_config17_olmocr_phi4.csv
[226/288] Processing: gestion#2014-06-02#01_config8_nanonets_phi4.csv
[227/288] Processing: gestion#2017-05-15#04_config23_rolmocr_phi4.csv
[228/288] Processing: gestion#2017-05-15#04_config6_nanonets_phi4.csv
[229/288] Processing: gestion#2017-05-15#04_config3_rolmocr_phi4.csv
[230/288] Processing: gestion#2015-09-10#04_config10_olmocr_phi4.csv
[231/288] Processing: gestion#2019-07-12#01_config15_olmocr_phi4.csv
[232/288] Processing: gestion#2014-06-02#01_config15_rolmocr_phi4.csv
[233/288] Processing: gestion#2017-05-15#04_config22_nanonets_phi4.csv
[234/288] Processing: gestion#2014-06-02#01_config20_nanonets_phi4.csv
[235/288] Processing: gestion#2014-06-02#01_config17_rolmocr_phi4.csv
[236/288] Processing: gestion#2019-07-12#01_config19_rolmocr_phi4.csv
[237/288] Processing: gestion#2017-05-15#04_config10_nanonets_phi4.csv
[238/288] Processing: gestion#2014-06-02#01_config1_nanonets_phi4.csv
[239/288] Processing: gestion#2017-05-15#04_config6_rolmocr_phi4.csv
[240/288] Processing: gestion#2019-07-12#01_config0_olmocr_phi4.csv
[241/288] Processing: gestion#2014-06-02#01_config20_olmocr_phi4.csv
[242/288] Processing: gestion#2017-05-15#04_config20_nanonets_phi4.csv
[243/288] Processing: gestion#2014-06-02#01_config7_rolmocr_phi4.csv
[244/288] Processing: gestion#2014-06-02#01_config8_rolmocr_phi4.csv
[245/288] Processing: gestion#2019-07-12#01_config8_olmocr_phi4.csv
[246/288] Processing: gestion#2014-06-02#01_config15_nanonets_phi4.csv
[247/288] Processing: gestion#2014-06-02#01_config14_nanonets_phi4.csv
[248/288] Processing: gestion#2017-05-15#04_config17_nanonets_phi4.csv
[249/288] Processing: gestion#2019-07-12#01_config6_rolmocr_phi4.csv
[250/288] Processing: gestion#2019-07-12#01_config16_olmocr_phi4.csv
[251/288] Processing: gestion#2017-05-15#04_config22_olmocr_phi4.csv
[252/288] Processing: gestion#2015-09-10#04_config6_olmocr_phi4.csv
[253/288] Processing: gestion#2017-05-15#04_config12_rolmocr_phi4.csv
[254/288] Processing: gestion#2017-05-15#04_config11_rolmocr_phi4.csv
[255/288] Processing: gestion#2015-09-10#04_config2_rolmocr_phi4.csv
[256/288] Processing: gestion#2014-06-02#01_config16_rolmocr_phi4.csv
[257/288] Processing: gestion#2015-09-10#04_config1_olmocr_phi4.csv
[258/288] Processing: gestion#2019-07-12#01_config4_olmocr_phi4.csv
[259/288] Processing: gestion#2015-09-10#04_config13_rolmocr_phi4.csv
[260/288] Processing: gestion#2019-07-12#01_config2_olmocr_phi4.csv
[261/288] Processing: gestion#2014-06-02#01_config1_olmocr_phi4.csv
[262/288] Processing: gestion#2015-09-10#04_config1_nanonets_phi4.csv
[263/288] Processing: gestion#2015-09-10#04_config5_rolmocr_phi4.csv
[264/288] Processing: gestion#2014-06-02#01_config6_olmocr_phi4.csv
[265/288] Processing: gestion#2014-06-02#01_config11_olmocr_phi4.csv
[266/288] Processing: gestion#2019-07-12#01_config4_nanonets_phi4.csv
[267/288] Processing: gestion#2014-06-02#01_config5_nanonets_phi4.csv
[268/288] Processing: gestion#2014-06-02#01_config19_nanonets_phi4.csv
[269/288] Processing: gestion#2019-07-12#01_config14_olmocr_phi4.csv
[270/288] Processing: gestion#2017-05-15#04_config21_rolmocr_phi4.csv
[271/288] Processing: gestion#2017-05-15#04_config2_nanonets_phi4.csv
[272/288] Processing: gestion#2019-07-12#01_config7_rolmocr_phi4.csv
[273/288] Processing: gestion#2019-07-12#01_config10_nanonets_phi4.csv
[274/288] Processing: gestion#2014-06-02#01_config18_rolmocr_phi4.csv
[275/288] Processing: gestion#2019-07-12#01_config9_nanonets_phi4.csv
[276/288] Processing: gestion#2015-09-10#04_config0_nanonets_phi4.csv
[277/288] Processing: gestion#2017-05-15#04_config11_nanonets_phi4.csv
[278/288] Processing: gestion#2015-09-10#04_config8_olmocr_phi4.csv
[279/288] Processing: gestion#2019-07-12#01_config6_olmocr_phi4.csv
[280/288] Processing: gestion#2015-09-10#04_config23_nanonets_phi4.csv
[281/288] Processing: gestion#2019-07-12#01_config13_rolmocr_phi4.csv
[282/288] Processing: gestion#2014-06-02#01_config2_rolmocr_phi4.csv
[283/288] Processing: gestion#2014-06-02#01_config6_rolmocr_phi4.csv
[284/288] Processing: gestion#2014-06-02#01_config9_rolmocr_phi4.csv
[285/288] Processing: gestion#2017-05-15#04_config5_nanonets_phi4.csv
[286/288] Processing: gestion#2019-07-12#01_config5_olmocr_phi4.csv
[287/288] Processing: gestion#2017-05-15#04_config9_nanonets_phi4.csv
[288/288] Processing: gestion#2019-07-12#01_config9_olmocr_phi4.csv
./results/txt/extracted/vlm_results_log.txt
✅️ Evaluation done! File can be found under: './results/csv/evaluation.csv'
