Using 64 threads in per-image mode
Total configurations to test: 48
Processing 1 images
Processing: trome#2021-03-02#02.png
Progress: 5/48 configurations completed
Progress: 10/48 configurations completed
Progress: 15/48 configurations completed
Progress: 20/48 configurations completed
Progress: 25/48 configurations completed
Progress: 30/48 configurations completed
Progress: 35/48 configurations completed
Progress: 40/48 configurations completed
Progress: 45/48 configurations completed
Progress: 48/48 configurations completed
Completed processing trome#2021-03-02#02.png
--------------------------------------------------

============================================================
PROCESSING SUMMARY
============================================================
Total time: 80.14 seconds
Successful processes: 48
Failed processes: 0
Average time per successful process: 1.670 seconds
Processing log saved to: ./logs/preprocess.out
============================================================
