Using 64 threads in per-image mode
Total configurations to test: 1
Processing 2 images
Processing: example2.png
Progress: 1/1 configurations completed
Completed processing example2.png
--------------------------------------------------
Processing: trome2021-03-02#02.png
Progress: 1/1 configurations completed
Completed processing trome2021-03-02#02.png
--------------------------------------------------

============================================================
PROCESSING SUMMARY
============================================================
Total time: 1.42 seconds
Successful processes: 2
Failed processes: 0
Average time per successful process: 0.708 seconds
Processing log saved to: ./logs/preprocess.out
============================================================
