Using 64 threads in global mode
Total configurations to test: 45
Processing 1 images
Processing all combinations globally in parallel...
Total tasks: 45
Progress: 5/45 tasks completed
Progress: 10/45 tasks completed
Progress: 15/45 tasks completed
Progress: 20/45 tasks completed
Progress: 25/45 tasks completed
Progress: 30/45 tasks completed
Progress: 35/45 tasks completed
Progress: 40/45 tasks completed
Progress: 45/45 tasks completed

============================================================
PROCESSING SUMMARY
============================================================
Total time: 84.21 seconds
Successful processes: 45
Failed processes: 0
Average time per successful process: 1.871 seconds
Processing log saved to: ./logs/preprocess.out
============================================================
