Using 64 threads in per-image mode
Total configurations to test: 240
Processing 1 images
Processing: trome#2021-03-02#02.png
Progress: 5/240 configurations completed
Progress: 10/240 configurations completed
Progress: 15/240 configurations completed
Progress: 20/240 configurations completed
Progress: 25/240 configurations completed
Progress: 30/240 configurations completed
Progress: 35/240 configurations completed
Progress: 40/240 configurations completed
Progress: 45/240 configurations completed
Progress: 50/240 configurations completed
Progress: 55/240 configurations completed
Progress: 60/240 configurations completed
Progress: 65/240 configurations completed
Progress: 70/240 configurations completed
Progress: 75/240 configurations completed
Progress: 80/240 configurations completed
Progress: 85/240 configurations completed
Progress: 90/240 configurations completed
Progress: 95/240 configurations completed
Progress: 100/240 configurations completed
Progress: 105/240 configurations completed
Progress: 110/240 configurations completed
Progress: 115/240 configurations completed
COMMON ERROR: object of type 'NoneType' has no len()
NEW ERROR: 'NoneType' object is not iterable
COMMON ERROR: object of type 'NoneType' has no len()
NEW ERROR: 'NoneType' object is not iterable
COMMON ERROR: object of type 'NoneType' has no len()
NEW ERROR: 'NoneType' object is not iterable
COMMON ERROR: object of type 'NoneType' has no len()
NEW ERROR: 'NoneType' object is not iterable
COMMON ERROR: object of type 'NoneType' has no len()
NEW ERROR: 'NoneType' object is not iterable
COMMON ERROR: object of type 'NoneType' has no len()
NEW ERROR: 'NoneType' object is not iterable
COMMON ERROR: object of type 'NoneType' has no len()
NEW ERROR: 'NoneType' object is not iterable
COMMON ERROR: object of type 'NoneType' has no len()
NEW ERROR: 'NoneType' object is not iterable
Progress: 120/240 configurations completed
Progress: 125/240 configurations completed
Progress: 130/240 configurations completed
Progress: 135/240 configurations completed
Progress: 140/240 configurations completed
Progress: 145/240 configurations completed
Progress: 150/240 configurations completed
Progress: 155/240 configurations completed
Progress: 160/240 configurations completed
Progress: 165/240 configurations completed
Progress: 170/240 configurations completed
Progress: 175/240 configurations completed
Progress: 180/240 configurations completed
Progress: 185/240 configurations completed
Progress: 190/240 configurations completed
Progress: 195/240 configurations completed
Progress: 200/240 configurations completed
Progress: 205/240 configurations completed
Progress: 210/240 configurations completed
Progress: 215/240 configurations completed
Progress: 220/240 configurations completed
Progress: 225/240 configurations completed
Progress: 230/240 configurations completed
Progress: 235/240 configurations completed
Progress: 240/240 configurations completed
Completed processing trome#2021-03-02#02.png
--------------------------------------------------

============================================================
PROCESSING SUMMARY
============================================================
Total time: 189.22 seconds
Successful processes: 240
Failed processes: 0
Average time per successful process: 0.788 seconds
Processing log saved to: ./logs/preprocess.out
============================================================
