Using 64 threads in per-image mode
Total configurations to test: 63
Processing 1 images
Processing: trome#2021-03-02#02.png
Progress: 5/63 configurations completed
Progress: 10/63 configurations completed
Progress: 15/63 configurations completed
Progress: 20/63 configurations completed
Progress: 25/63 configurations completed
Progress: 30/63 configurations completed
Progress: 35/63 configurations completed
Progress: 40/63 configurations completed
Progress: 45/63 configurations completed
Progress: 50/63 configurations completed
Progress: 55/63 configurations completed
Progress: 60/63 configurations completed
Progress: 63/63 configurations completed
Completed processing trome#2021-03-02#02.png
--------------------------------------------------

============================================================
PROCESSING SUMMARY
============================================================
Total time: 73.45 seconds
Successful processes: 63
Failed processes: 0
Average time per successful process: 1.166 seconds
Processing log saved to: ./logs/preprocess.out
============================================================
